Build started 5/26/2015 5:19:15 PM.
     1>Project "C:\Users\labadmin\Downloads\protobuf-3.0.0-alpha-2\vsprojects\protoc.vcxproj" on node 4 (Build target(s)).
     1>ClCompile:
         C:\Program Files (x86)\Microsoft Visual Studio 12.0\VC\bin\CL.exe /c /I../src /I. /ZI /nologo /W3 /WX- /Od /Oy- /D WIN32 /D _DEBUG /D _CONSOLE /Gm /EHsc /RTC1 /MDd /GS /fp:precise /Zc:wchar_t /Zc:forScope /Fo"Debug\protoc\\" /Fd"Debug\protoc\vc120.pdb" /Gd /TP /analyze- /errorReport:prompt /wd4244 /wd4267 /wd4018 /wd4355 /wd4800 /wd4251 /wd4996 /wd4146 /wd4305 ..\src\google\protobuf\compiler\main.cc
         main.cc
       Link:
         C:\Program Files (x86)\Microsoft Visual Studio 12.0\VC\bin\link.exe /ERRORREPORT:PROMPT /OUT:"Debug\protoc.exe" /INCREMENTAL /NOLOGO kernel32.lib user32.lib gdi32.lib winspool.lib comdlg32.lib advapi32.lib shell32.lib ole32.lib oleaut32.lib uuid.lib odbc32.lib odbccp32.lib /MANIFEST /MANIFESTUAC:"level='asInvoker' uiAccess='false'" /manifest:embed /DEBUG /PDB:"Debug\protoc.pdb" /SUBSYSTEM:CONSOLE /TLBID:1 /DYNAMICBASE /NXCOMPAT /IMPLIB:"Debug\protoc.lib" /MACHINE:X86 /SAFESEH Debug\protoc\main.obj
         "C:\Users\labadmin\Downloads\protobuf-3.0.0-alpha-2\vsprojects\Debug\libprotobuf.lib"
         "C:\Users\labadmin\Downloads\protobuf-3.0.0-alpha-2\vsprojects\Debug\libprotoc.lib"
     1>main.obj : warning LNK4075: ignoring '/EDITANDCONTINUE' due to '/SAFESEH' specification
     1>libprotobuf.lib(common.obj) : error LNK2038: mismatch detected for 'RuntimeLibrary': value 'MTd_StaticDebug' doesn't match value 'MDd_DynamicDebug' in main.obj
     1>libprotobuf.lib(common.obj) : error LNK2005: "public: __thiscall std::_Container_base12::_Container_base12(void)" (??0_Container_base12@std@@QAE@XZ) already defined in msvcprtd.lib(MSVCP120D.dll)
     1>libprotobuf.lib(common.obj) : error LNK2005: "public: __thiscall std::locale::id::id(unsigned int)" (??0id@locale@std@@QAE@I@Z) already defined in msvcprtd.lib(MSVCP120D.dll)
     1>libprotobuf.lib(common.obj) : error LNK2005: "public: __thiscall std::_Container_base12::~_Container_base12(void)" (??1_Container_base12@std@@QAE@XZ) already defined in msvcprtd.lib(MSVCP120D.dll)
     1>libprotobuf.lib(common.obj) : error LNK2005: "public: struct std::_Iterator_base12 * * __thiscall std::_Container_base12::_Getpfirst(void)const " (?_Getpfirst@_Container_base12@std@@QBEPAPAU_Iterator_base12@2@XZ) already defined in msvcprtd.lib(MSVCP120D.dll)
     1>libprotobuf.lib(common.obj) : error LNK2005: "public: void __thiscall std::_Container_base12::_Orphan_all(void)" (?_Orphan_all@_Container_base12@std@@QAEXXZ) already defined in msvcprtd.lib(MSVCP120D.dll)
     1>libprotobuf.lib(stringprintf.obj) : error LNK2038: mismatch detected for 'RuntimeLibrary': value 'MTd_StaticDebug' doesn't match value 'MDd_DynamicDebug' in main.obj
     1>libprotobuf.lib(stringprintf.obj) : error LNK2005: "public: __thiscall std::_Container_base12::_Container_base12(void)" (??0_Container_base12@std@@QAE@XZ) already defined in msvcprtd.lib(MSVCP120D.dll)
     1>libprotobuf.lib(stringprintf.obj) : error LNK2005: "public: __thiscall std::locale::id::id(unsigned int)" (??0id@locale@std@@QAE@I@Z) already defined in msvcprtd.lib(MSVCP120D.dll)
     1>libprotobuf.lib(stringprintf.obj) : error LNK2005: "public: __thiscall std::_Container_base12::~_Container_base12(void)" (??1_Container_base12@std@@QAE@XZ) already defined in msvcprtd.lib(MSVCP120D.dll)
     1>libprotobuf.lib(stringprintf.obj) : error LNK2005: "public: void __thiscall std::_Container_base12::_Orphan_all(void)" (?_Orphan_all@_Container_base12@std@@QAEXXZ) already defined in msvcprtd.lib(MSVCP120D.dll)
     1>libprotobuf.lib(descriptor.obj) : error LNK2038: mismatch detected for 'RuntimeLibrary': value 'MTd_StaticDebug' doesn't match value 'MDd_DynamicDebug' in main.obj
     1>libprotobuf.lib(descriptor.obj) : error LNK2005: "public: __thiscall std::_Container_base12::_Container_base12(void)" (??0_Container_base12@std@@QAE@XZ) already defined in msvcprtd.lib(MSVCP120D.dll)
     1>libprotobuf.lib(descriptor.obj) : error LNK2005: "public: __thiscall std::locale::id::id(unsigned int)" (??0id@locale@std@@QAE@I@Z) already defined in msvcprtd.lib(MSVCP120D.dll)
     1>libprotobuf.lib(descriptor.obj) : error LNK2005: "public: __thiscall std::_Container_base12::~_Container_base12(void)" (??1_Container_base12@std@@QAE@XZ) already defined in msvcprtd.lib(MSVCP120D.dll)
     1>libprotobuf.lib(descriptor.obj) : error LNK2005: "public: struct std::_Iterator_base12 * * __thiscall std::_Container_base12::_Getpfirst(void)const " (?_Getpfirst@_Container_base12@std@@QBEPAPAU_Iterator_base12@2@XZ) already defined in msvcprtd.lib(MSVCP120D.dll)
     1>libprotobuf.lib(descriptor.obj) : error LNK2005: "public: void __thiscall std::_Container_base12::_Orphan_all(void)" (?_Orphan_all@_Container_base12@std@@QAEXXZ) already defined in msvcprtd.lib(MSVCP120D.dll)
     1>libprotobuf.lib(descriptor.obj) : error LNK2005: "public: void __thiscall std::_Container_base12::_Swap_all(struct std::_Container_base12 &)" (?_Swap_all@_Container_base12@std@@QAEXAAU12@@Z) already defined in msvcprtd.lib(MSVCP120D.dll)
     1>libprotobuf.lib(arena.obj) : error LNK2038: mismatch detected for 'RuntimeLibrary': value 'MTd_StaticDebug' doesn't match value 'MDd_DynamicDebug' in main.obj
     1>libprotobuf.lib(arena.obj) : error LNK2005: "public: __thiscall std::_Container_base12::_Container_base12(void)" (??0_Container_base12@std@@QAE@XZ) already defined in msvcprtd.lib(MSVCP120D.dll)
     1>libprotobuf.lib(arena.obj) : error LNK2005: "public: __thiscall std::locale::id::id(unsigned int)" (??0id@locale@std@@QAE@I@Z) already defined in msvcprtd.lib(MSVCP120D.dll)
     1>libprotobuf.lib(arena.obj) : error LNK2005: "public: __thiscall std::_Container_base12::~_Container_base12(void)" (??1_Container_base12@std@@QAE@XZ) already defined in msvcprtd.lib(MSVCP120D.dll)
     1>libprotobuf.lib(arena.obj) : error LNK2005: "public: void __thiscall std::_Container_base12::_Orphan_all(void)" (?_Orphan_all@_Container_base12@std@@QAEXXZ) already defined in msvcprtd.lib(MSVCP120D.dll)
     1>libprotobuf.lib(message_lite.obj) : error LNK2038: mismatch detected for 'RuntimeLibrary': value 'MTd_StaticDebug' doesn't match value 'MDd_DynamicDebug' in main.obj
     1>libprotobuf.lib(message_lite.obj) : error LNK2005: "public: __thiscall std::_Container_base12::_Container_base12(void)" (??0_Container_base12@std@@QAE@XZ) already defined in msvcprtd.lib(MSVCP120D.dll)
     1>libprotobuf.lib(message_lite.obj) : error LNK2005: "public: __thiscall std::locale::id::id(unsigned int)" (??0id@locale@std@@QAE@I@Z) already defined in msvcprtd.lib(MSVCP120D.dll)
     1>libprotobuf.lib(message_lite.obj) : error LNK2005: "public: __thiscall std::_Container_base12::~_Container_base12(void)" (??1_Container_base12@std@@QAE@XZ) already defined in msvcprtd.lib(MSVCP120D.dll)
     1>libprotobuf.lib(message_lite.obj) : error LNK2005: "public: void __thiscall std::_Container_base12::_Orphan_all(void)" (?_Orphan_all@_Container_base12@std@@QAEXXZ) already defined in msvcprtd.lib(MSVCP120D.dll)
     1>libprotobuf.lib(repeated_field.obj) : error LNK2038: mismatch detected for 'RuntimeLibrary': value 'MTd_StaticDebug' doesn't match value 'MDd_DynamicDebug' in main.obj
     1>libprotobuf.lib(repeated_field.obj) : error LNK2005: "public: __thiscall std::_Container_base12::_Container_base12(void)" (??0_Container_base12@std@@QAE@XZ) already defined in msvcprtd.lib(MSVCP120D.dll)
     1>libprotobuf.lib(repeated_field.obj) : error LNK2005: "public: __thiscall std::locale::id::id(unsigned int)" (??0id@locale@std@@QAE@I@Z) already defined in msvcprtd.lib(MSVCP120D.dll)
     1>libprotobuf.lib(repeated_field.obj) : error LNK2005: "public: __thiscall std::_Container_base12::~_Container_base12(void)" (??1_Container_base12@std@@QAE@XZ) already defined in msvcprtd.lib(MSVCP120D.dll)
     1>libprotobuf.lib(repeated_field.obj) : error LNK2005: "public: void __thiscall std::_Container_base12::_Orphan_all(void)" (?_Orphan_all@_Container_base12@std@@QAEXXZ) already defined in msvcprtd.lib(MSVCP120D.dll)
     1>libprotobuf.lib(descriptor.pb.obj) : error LNK2038: mismatch detected for 'RuntimeLibrary': value 'MTd_StaticDebug' doesn't match value 'MDd_DynamicDebug' in main.obj
     1>libprotobuf.lib(descriptor.pb.obj) : error LNK2005: "public: __thiscall std::_Container_base12::_Container_base12(void)" (??0_Container_base12@std@@QAE@XZ) already defined in msvcprtd.lib(MSVCP120D.dll)
     1>libprotobuf.lib(descriptor.pb.obj) : error LNK2005: "public: __thiscall std::locale::id::id(unsigned int)" (??0id@locale@std@@QAE@I@Z) already defined in msvcprtd.lib(MSVCP120D.dll)
     1>libprotobuf.lib(descriptor.pb.obj) : error LNK2005: "public: __thiscall std::_Container_base12::~_Container_base12(void)" (??1_Container_base12@std@@QAE@XZ) already defined in msvcprtd.lib(MSVCP120D.dll)
     1>libprotobuf.lib(descriptor.pb.obj) : error LNK2005: "public: void __thiscall std::_Container_base12::_Orphan_all(void)" (?_Orphan_all@_Container_base12@std@@QAEXXZ) already defined in msvcprtd.lib(MSVCP120D.dll)
     1>libprotobuf.lib(tokenizer.obj) : error LNK2038: mismatch detected for 'RuntimeLibrary': value 'MTd_StaticDebug' doesn't match value 'MDd_DynamicDebug' in main.obj
     1>libprotobuf.lib(tokenizer.obj) : error LNK2005: "public: __thiscall std::_Container_base12::_Container_base12(void)" (??0_Container_base12@std@@QAE@XZ) already defined in msvcprtd.lib(MSVCP120D.dll)
     1>libprotobuf.lib(tokenizer.obj) : error LNK2005: "public: __thiscall std::locale::id::id(unsigned int)" (??0id@locale@std@@QAE@I@Z) already defined in msvcprtd.lib(MSVCP120D.dll)
     1>libprotobuf.lib(tokenizer.obj) : error LNK2005: "public: __thiscall std::_Container_base12::~_Container_base12(void)" (??1_Container_base12@std@@QAE@XZ) already defined in msvcprtd.lib(MSVCP120D.dll)
     1>libprotobuf.lib(tokenizer.obj) : error LNK2005: "public: struct std::_Iterator_base12 * * __thiscall std::_Container_base12::_Getpfirst(void)const " (?_Getpfirst@_Container_base12@std@@QBEPAPAU_Iterator_base12@2@XZ) already defined in msvcprtd.lib(MSVCP120D.dll)
     1>libprotobuf.lib(tokenizer.obj) : error LNK2005: "public: void __thiscall std::_Container_base12::_Orphan_all(void)" (?_Orphan_all@_Container_base12@std@@QAEXXZ) already defined in msvcprtd.lib(MSVCP120D.dll)
     1>libprotobuf.lib(tokenizer.obj) : error LNK2005: "public: void __thiscall std::_Container_base12::_Swap_all(struct std::_Container_base12 &)" (?_Swap_all@_Container_base12@std@@QAEXAAU12@@Z) already defined in msvcprtd.lib(MSVCP120D.dll)
     1>libprotobuf.lib(importer.obj) : error LNK2038: mismatch detected for 'RuntimeLibrary': value 'MTd_StaticDebug' doesn't match value 'MDd_DynamicDebug' in main.obj
     1>libprotobuf.lib(importer.obj) : error LNK2005: "public: __thiscall std::_Container_base12::_Container_base12(void)" (??0_Container_base12@std@@QAE@XZ) already defined in msvcprtd.lib(MSVCP120D.dll)
     1>libprotobuf.lib(importer.obj) : error LNK2005: "public: __thiscall std::locale::id::id(unsigned int)" (??0id@locale@std@@QAE@I@Z) already defined in msvcprtd.lib(MSVCP120D.dll)
     1>libprotobuf.lib(importer.obj) : error LNK2005: "public: __thiscall std::_Container_base12::~_Container_base12(void)" (??1_Container_base12@std@@QAE@XZ) already defined in msvcprtd.lib(MSVCP120D.dll)
     1>libprotobuf.lib(importer.obj) : error LNK2005: "public: struct std::_Iterator_base12 * * __thiscall std::_Container_base12::_Getpfirst(void)const " (?_Getpfirst@_Container_base12@std@@QBEPAPAU_Iterator_base12@2@XZ) already defined in msvcprtd.lib(MSVCP120D.dll)
     1>libprotobuf.lib(importer.obj) : error LNK2005: "public: void __thiscall std::_Container_base12::_Orphan_all(void)" (?_Orphan_all@_Container_base12@std@@QAEXXZ) already defined in msvcprtd.lib(MSVCP120D.dll)
     1>libprotobuf.lib(importer.obj) : error LNK2005: "public: void __thiscall std::_Container_base12::_Swap_all(struct std::_Container_base12 &)" (?_Swap_all@_Container_base12@std@@QAEXAAU12@@Z) already defined in msvcprtd.lib(MSVCP120D.dll)
     1>libprotobuf.lib(zero_copy_stream.obj) : error LNK2038: mismatch detected for 'RuntimeLibrary': value 'MTd_StaticDebug' doesn't match value 'MDd_DynamicDebug' in main.obj
     1>libprotobuf.lib(zero_copy_stream.obj) : error LNK2005: "public: __thiscall std::_Container_base12::_Container_base12(void)" (??0_Container_base12@std@@QAE@XZ) already defined in msvcprtd.lib(MSVCP120D.dll)
     1>libprotobuf.lib(zero_copy_stream.obj) : error LNK2005: "public: __thiscall std::locale::id::id(unsigned int)" (??0id@locale@std@@QAE@I@Z) already defined in msvcprtd.lib(MSVCP120D.dll)
     1>libprotobuf.lib(zero_copy_stream.obj) : error LNK2005: "public: __thiscall std::_Container_base12::~_Container_base12(void)" (??1_Container_base12@std@@QAE@XZ) already defined in msvcprtd.lib(MSVCP120D.dll)
     1>libprotobuf.lib(zero_copy_stream.obj) : error LNK2005: "public: void __thiscall std::_Container_base12::_Orphan_all(void)" (?_Orphan_all@_Container_base12@std@@QAEXXZ) already defined in msvcprtd.lib(MSVCP120D.dll)
     1>libprotobuf.lib(text_format.obj) : error LNK2038: mismatch detected for 'RuntimeLibrary': value 'MTd_StaticDebug' doesn't match value 'MDd_DynamicDebug' in main.obj
     1>libprotobuf.lib(text_format.obj) : error LNK2005: "public: __thiscall std::_Container_base12::_Container_base12(void)" (??0_Container_base12@std@@QAE@XZ) already defined in msvcprtd.lib(MSVCP120D.dll)
     1>libprotobuf.lib(text_format.obj) : error LNK2005: "public: __thiscall std::locale::id::id(unsigned int)" (??0id@locale@std@@QAE@I@Z) already defined in msvcprtd.lib(MSVCP120D.dll)
     1>libprotobuf.lib(text_format.obj) : error LNK2005: "public: __thiscall std::_Container_base12::~_Container_base12(void)" (??1_Container_base12@std@@QAE@XZ) already defined in msvcprtd.lib(MSVCP120D.dll)
     1>libprotobuf.lib(text_format.obj) : error LNK2005: "public: struct std::_Iterator_base12 * * __thiscall std::_Container_base12::_Getpfirst(void)const " (?_Getpfirst@_Container_base12@std@@QBEPAPAU_Iterator_base12@2@XZ) already defined in msvcprtd.lib(MSVCP120D.dll)
     1>libprotobuf.lib(text_format.obj) : error LNK2005: "public: void __thiscall std::_Container_base12::_Orphan_all(void)" (?_Orphan_all@_Container_base12@std@@QAEXXZ) already defined in msvcprtd.lib(MSVCP120D.dll)
     1>libprotobuf.lib(dynamic_message.obj) : error LNK2038: mismatch detected for 'RuntimeLibrary': value 'MTd_StaticDebug' doesn't match value 'MDd_DynamicDebug' in main.obj
     1>libprotobuf.lib(dynamic_message.obj) : error LNK2005: "public: __thiscall std::_Container_base12::_Container_base12(void)" (??0_Container_base12@std@@QAE@XZ) already defined in msvcprtd.lib(MSVCP120D.dll)
     1>libprotobuf.lib(dynamic_message.obj) : error LNK2005: "public: __thiscall std::locale::id::id(unsigned int)" (??0id@locale@std@@QAE@I@Z) already defined in msvcprtd.lib(MSVCP120D.dll)
     1>libprotobuf.lib(dynamic_message.obj) : error LNK2005: "public: __thiscall std::_Container_base12::~_Container_base12(void)" (??1_Container_base12@std@@QAE@XZ) already defined in msvcprtd.lib(MSVCP120D.dll)
     1>libprotobuf.lib(dynamic_message.obj) : error LNK2005: "public: struct std::_Iterator_base12 * * __thiscall std::_Container_base12::_Getpfirst(void)const " (?_Getpfirst@_Container_base12@std@@QBEPAPAU_Iterator_base12@2@XZ) already defined in msvcprtd.lib(MSVCP120D.dll)
     1>libprotobuf.lib(dynamic_message.obj) : error LNK2005: "public: void __thiscall std::_Container_base12::_Orphan_all(void)" (?_Orphan_all@_Container_base12@std@@QAEXXZ) already defined in msvcprtd.lib(MSVCP120D.dll)
     1>libprotobuf.lib(coded_stream.obj) : error LNK2038: mismatch detected for 'RuntimeLibrary': value 'MTd_StaticDebug' doesn't match value 'MDd_DynamicDebug' in main.obj
     1>libprotobuf.lib(coded_stream.obj) : error LNK2005: "public: __thiscall std::_Container_base12::_Container_base12(void)" (??0_Container_base12@std@@QAE@XZ) already defined in msvcprtd.lib(MSVCP120D.dll)
     1>libprotobuf.lib(coded_stream.obj) : error LNK2005: "public: __thiscall std::locale::id::id(unsigned int)" (??0id@locale@std@@QAE@I@Z) already defined in msvcprtd.lib(MSVCP120D.dll)
     1>libprotobuf.lib(coded_stream.obj) : error LNK2005: "public: __thiscall std::_Container_base12::~_Container_base12(void)" (??1_Container_base12@std@@QAE@XZ) already defined in msvcprtd.lib(MSVCP120D.dll)
     1>libprotobuf.lib(coded_stream.obj) : error LNK2005: "public: void __thiscall std::_Container_base12::_Orphan_all(void)" (?_Orphan_all@_Container_base12@std@@QAEXXZ) already defined in msvcprtd.lib(MSVCP120D.dll)
     1>libprotobuf.lib(zero_copy_stream_impl_lite.obj) : error LNK2038: mismatch detected for 'RuntimeLibrary': value 'MTd_StaticDebug' doesn't match value 'MDd_DynamicDebug' in main.obj
     1>libprotobuf.lib(zero_copy_stream_impl_lite.obj) : error LNK2005: "public: __thiscall std::_Container_base12::_Container_base12(void)" (??0_Container_base12@std@@QAE@XZ) already defined in msvcprtd.lib(MSVCP120D.dll)
     1>libprotobuf.lib(zero_copy_stream_impl_lite.obj) : error LNK2005: "public: __thiscall std::locale::id::id(unsigned int)" (??0id@locale@std@@QAE@I@Z) already defined in msvcprtd.lib(MSVCP120D.dll)
     1>libprotobuf.lib(zero_copy_stream_impl_lite.obj) : error LNK2005: "public: __thiscall std::_Container_base12::~_Container_base12(void)" (??1_Container_base12@std@@QAE@XZ) already defined in msvcprtd.lib(MSVCP120D.dll)
     1>libprotobuf.lib(zero_copy_stream_impl_lite.obj) : error LNK2005: "public: void __thiscall std::_Container_base12::_Orphan_all(void)" (?_Orphan_all@_Container_base12@std@@QAEXXZ) already defined in msvcprtd.lib(MSVCP120D.dll)
     1>libprotobuf.lib(zero_copy_stream_impl.obj) : error LNK2038: mismatch detected for 'RuntimeLibrary': value 'MTd_StaticDebug' doesn't match value 'MDd_DynamicDebug' in main.obj
     1>libprotobuf.lib(zero_copy_stream_impl.obj) : error LNK2005: "public: __thiscall std::_Container_base12::_Container_base12(void)" (??0_Container_base12@std@@QAE@XZ) already defined in msvcprtd.lib(MSVCP120D.dll)
     1>libprotobuf.lib(zero_copy_stream_impl.obj) : error LNK2005: "public: __thiscall std::locale::id::id(unsigned int)" (??0id@locale@std@@QAE@I@Z) already defined in msvcprtd.lib(MSVCP120D.dll)
     1>libprotobuf.lib(zero_copy_stream_impl.obj) : error LNK2005: "public: __thiscall std::_Container_base12::~_Container_base12(void)" (??1_Container_base12@std@@QAE@XZ) already defined in msvcprtd.lib(MSVCP120D.dll)
     1>libprotobuf.lib(zero_copy_stream_impl.obj) : error LNK2005: "public: void __thiscall std::_Container_base12::_Orphan_all(void)" (?_Orphan_all@_Container_base12@std@@QAEXXZ) already defined in msvcprtd.lib(MSVCP120D.dll)
     1>libprotobuf.lib(zero_copy_stream_impl.obj) : error LNK2005: "public: void __thiscall std::basic_ostream<char,struct std::char_traits<char> >::_Osfx(void)" (?_Osfx@?$basic_ostream@DU?$char_traits@D@std@@@std@@QAEXXZ) already defined in msvcprtd.lib(MSVCP120D.dll)
     1>libprotobuf.lib(zero_copy_stream_impl.obj) : error LNK2005: "public: int __thiscall std::ios_base::flags(void)const " (?flags@ios_base@std@@QBEHXZ) already defined in msvcprtd.lib(MSVCP120D.dll)
     1>libprotobuf.lib(zero_copy_stream_impl.obj) : error LNK2005: "public: class std::basic_ostream<char,struct std::char_traits<char> > & __thiscall std::basic_ostream<char,struct std::char_traits<char> >::flush(void)" (?flush@?$basic_ostream@DU?$char_traits@D@std@@@std@@QAEAAV12@XZ) already defined in msvcprtd.lib(MSVCP120D.dll)
     1>libprotobuf.lib(zero_copy_stream_impl.obj) : error LNK2005: "public: bool __thiscall std::ios_base::good(void)const " (?good@ios_base@std@@QBE_NXZ) already defined in msvcprtd.lib(MSVCP120D.dll)
     1>libprotobuf.lib(zero_copy_stream_impl.obj) : error LNK2005: "protected: char * __thiscall std::basic_streambuf<char,struct std::char_traits<char> >::gptr(void)const " (?gptr@?$basic_streambuf@DU?$char_traits@D@std@@@std@@IBEPADXZ) already defined in msvcprtd.lib(MSVCP120D.dll)
     1>libprotobuf.lib(zero_copy_stream_impl.obj) : error LNK2005: "public: class std::basic_streambuf<char,struct std::char_traits<char> > * __thiscall std::basic_ios<char,struct std::char_traits<char> >::rdbuf(void)const " (?rdbuf@?$basic_ios@DU?$char_traits@D@std@@@std@@QBEPAV?$basic_streambuf@DU?$char_traits@D@std@@@2@XZ) already defined in msvcprtd.lib(MSVCP120D.dll)
     1>libprotobuf.lib(zero_copy_stream_impl.obj) : error LNK2005: "public: void __thiscall std::basic_ios<char,struct std::char_traits<char> >::setstate(int,bool)" (?setstate@?$basic_ios@DU?$char_traits@D@std@@@std@@QAEXH_N@Z) already defined in msvcprtd.lib(MSVCP120D.dll)
     1>libprotobuf.lib(zero_copy_stream_impl.obj) : error LNK2005: "public: __int64 __thiscall std::basic_streambuf<char,struct std::char_traits<char> >::sputn(char const *,__int64)" (?sputn@?$basic_streambuf@DU?$char_traits@D@std@@@std@@QAE_JPBD_J@Z) already defined in msvcprtd.lib(MSVCP120D.dll)
     1>libprotobuf.lib(zero_copy_stream_impl.obj) : error LNK2005: "public: class std::basic_ostream<char,struct std::char_traits<char> > * __thiscall std::basic_ios<char,struct std::char_traits<char> >::tie(void)const " (?tie@?$basic_ios@DU?$char_traits@D@std@@@std@@QBEPAV?$basic_ostream@DU?$char_traits@D@std@@@2@XZ) already defined in msvcprtd.lib(MSVCP120D.dll)
     1>libprotobuf.lib(strutil.obj) : error LNK2038: mismatch detected for 'RuntimeLibrary': value 'MTd_StaticDebug' doesn't match value 'MDd_DynamicDebug' in main.obj
     1>libprotobuf.lib(strutil.obj) : error LNK2005: "public: __thiscall std::_Container_base12::_Container_base12(void)" (??0_Container_base12@std@@QAE@XZ) already defined in msvcprtd.lib(MSVCP120D.dll)
     1>libprotobuf.lib(strutil.obj) : error LNK2005: "public: __thiscall std::locale::id::id(unsigned int)" (??0id@locale@std@@QAE@I@Z) already defined in msvcprtd.lib(MSVCP120D.dll)
     1>libprotobuf.lib(strutil.obj) : error LNK2005: "public: __thiscall std::_Container_base12::~_Container_base12(void)" (??1_Container_base12@std@@QAE@XZ) already defined in msvcprtd.lib(MSVCP120D.dll)
     1>libprotobuf.lib(strutil.obj) : error LNK2005: "public: struct std::_Iterator_base12 * * __thiscall std::_Container_base12::_Getpfirst(void)const " (?_Getpfirst@_Container_base12@std@@QBEPAPAU_Iterator_base12@2@XZ) already defined in msvcprtd.lib(MSVCP120D.dll)
     1>libprotobuf.lib(strutil.obj) : error LNK2005: "public: void __thiscall std::_Container_base12::_Orphan_all(void)" (?_Orphan_all@_Container_base12@std@@QAEXXZ) already defined in msvcprtd.lib(MSVCP120D.dll)
     1>libprotobuf.lib(strutil.obj) : error LNK2005: "public: void __thiscall std::_Container_base12::_Swap_all(struct std::_Container_base12 &)" (?_Swap_all@_Container_base12@std@@QAEXAAU12@@Z) already defined in msvcprtd.lib(MSVCP120D.dll)
     1>libprotobuf.lib(substitute.obj) : error LNK2038: mismatch detected for 'RuntimeLibrary': value 'MTd_StaticDebug' doesn't match value 'MDd_DynamicDebug' in main.obj
     1>libprotobuf.lib(substitute.obj) : error LNK2005: "public: __thiscall std::_Container_base12::_Container_base12(void)" (??0_Container_base12@std@@QAE@XZ) already defined in msvcprtd.lib(MSVCP120D.dll)
     1>libprotobuf.lib(substitute.obj) : error LNK2005: "public: __thiscall std::locale::id::id(unsigned int)" (??0id@locale@std@@QAE@I@Z) already defined in msvcprtd.lib(MSVCP120D.dll)
     1>libprotobuf.lib(substitute.obj) : error LNK2005: "public: __thiscall std::_Container_base12::~_Container_base12(void)" (??1_Container_base12@std@@QAE@XZ) already defined in msvcprtd.lib(MSVCP120D.dll)
     1>libprotobuf.lib(substitute.obj) : error LNK2005: "public: void __thiscall std::_Container_base12::_Orphan_all(void)" (?_Orphan_all@_Container_base12@std@@QAEXXZ) already defined in msvcprtd.lib(MSVCP120D.dll)
     1>libprotobuf.lib(generated_message_util.obj) : error LNK2038: mismatch detected for 'RuntimeLibrary': value 'MTd_StaticDebug' doesn't match value 'MDd_DynamicDebug' in main.obj
     1>libprotobuf.lib(generated_message_util.obj) : error LNK2005: "public: __thiscall std::_Container_base12::_Container_base12(void)" (??0_Container_base12@std@@QAE@XZ) already defined in msvcprtd.lib(MSVCP120D.dll)
     1>libprotobuf.lib(generated_message_util.obj) : error LNK2005: "public: __thiscall std::locale::id::id(unsigned int)" (??0id@locale@std@@QAE@I@Z) already defined in msvcprtd.lib(MSVCP120D.dll)
     1>libprotobuf.lib(generated_message_util.obj) : error LNK2005: "public: __thiscall std::_Container_base12::~_Container_base12(void)" (??1_Container_base12@std@@QAE@XZ) already defined in msvcprtd.lib(MSVCP120D.dll)
     1>libprotobuf.lib(generated_message_util.obj) : error LNK2005: "public: void __thiscall std::_Container_base12::_Orphan_all(void)" (?_Orphan_all@_Container_base12@std@@QAEXXZ) already defined in msvcprtd.lib(MSVCP120D.dll)
     1>libprotobuf.lib(printer.obj) : error LNK2038: mismatch detected for 'RuntimeLibrary': value 'MTd_StaticDebug' doesn't match value 'MDd_DynamicDebug' in main.obj
     1>libprotobuf.lib(printer.obj) : error LNK2005: "public: __thiscall std::_Container_base12::_Container_base12(void)" (??0_Container_base12@std@@QAE@XZ) already defined in msvcprtd.lib(MSVCP120D.dll)
     1>libprotobuf.lib(printer.obj) : error LNK2005: "public: __thiscall std::locale::id::id(unsigned int)" (??0id@locale@std@@QAE@I@Z) already defined in msvcprtd.lib(MSVCP120D.dll)
     1>libprotobuf.lib(printer.obj) : error LNK2005: "public: __thiscall std::_Container_base12::~_Container_base12(void)" (??1_Container_base12@std@@QAE@XZ) already defined in msvcprtd.lib(MSVCP120D.dll)
     1>libprotobuf.lib(printer.obj) : error LNK2005: "public: struct std::_Iterator_base12 * * __thiscall std::_Container_base12::_Getpfirst(void)const " (?_Getpfirst@_Container_base12@std@@QBEPAPAU_Iterator_base12@2@XZ) already defined in msvcprtd.lib(MSVCP120D.dll)
     1>libprotobuf.lib(printer.obj) : error LNK2005: "public: void __thiscall std::_Container_base12::_Orphan_all(void)" (?_Orphan_all@_Container_base12@std@@QAEXXZ) already defined in msvcprtd.lib(MSVCP120D.dll)
     1>libprotobuf.lib(once.obj) : error LNK2038: mismatch detected for 'RuntimeLibrary': value 'MTd_StaticDebug' doesn't match value 'MDd_DynamicDebug' in main.obj
     1>libprotobuf.lib(once.obj) : error LNK2005: "public: __thiscall std::_Container_base12::_Container_base12(void)" (??0_Container_base12@std@@QAE@XZ) already defined in msvcprtd.lib(MSVCP120D.dll)
     1>libprotobuf.lib(once.obj) : error LNK2005: "public: __thiscall std::locale::id::id(unsigned int)" (??0id@locale@std@@QAE@I@Z) already defined in msvcprtd.lib(MSVCP120D.dll)
     1>libprotobuf.lib(once.obj) : error LNK2005: "public: __thiscall std::_Container_base12::~_Container_base12(void)" (??1_Container_base12@std@@QAE@XZ) already defined in msvcprtd.lib(MSVCP120D.dll)
     1>libprotobuf.lib(once.obj) : error LNK2005: "public: void __thiscall std::_Container_base12::_Orphan_all(void)" (?_Orphan_all@_Container_base12@std@@QAEXXZ) already defined in msvcprtd.lib(MSVCP120D.dll)
     1>libprotobuf.lib(arenastring.obj) : error LNK2038: mismatch detected for 'RuntimeLibrary': value 'MTd_StaticDebug' doesn't match value 'MDd_DynamicDebug' in main.obj
     1>libprotobuf.lib(arenastring.obj) : error LNK2005: "public: __thiscall std::_Container_base12::_Container_base12(void)" (??0_Container_base12@std@@QAE@XZ) already defined in msvcprtd.lib(MSVCP120D.dll)
     1>libprotobuf.lib(arenastring.obj) : error LNK2005: "public: __thiscall std::locale::id::id(unsigned int)" (??0id@locale@std@@QAE@I@Z) already defined in msvcprtd.lib(MSVCP120D.dll)
     1>libprotobuf.lib(arenastring.obj) : error LNK2005: "public: __thiscall std::_Container_base12::~_Container_base12(void)" (??1_Container_base12@std@@QAE@XZ) already defined in msvcprtd.lib(MSVCP120D.dll)
     1>libprotobuf.lib(arenastring.obj) : error LNK2005: "public: void __thiscall std::_Container_base12::_Orphan_all(void)" (?_Orphan_all@_Container_base12@std@@QAEXXZ) already defined in msvcprtd.lib(MSVCP120D.dll)
     1>libprotobuf.lib(unknown_field_set.obj) : error LNK2038: mismatch detected for 'RuntimeLibrary': value 'MTd_StaticDebug' doesn't match value 'MDd_DynamicDebug' in main.obj
     1>libprotobuf.lib(unknown_field_set.obj) : error LNK2005: "public: __thiscall std::_Container_base12::_Container_base12(void)" (??0_Container_base12@std@@QAE@XZ) already defined in msvcprtd.lib(MSVCP120D.dll)
     1>libprotobuf.lib(unknown_field_set.obj) : error LNK2005: "public: __thiscall std::locale::id::id(unsigned int)" (??0id@locale@std@@QAE@I@Z) already defined in msvcprtd.lib(MSVCP120D.dll)
     1>libprotobuf.lib(unknown_field_set.obj) : error LNK2005: "public: __thiscall std::_Container_base12::~_Container_base12(void)" (??1_Container_base12@std@@QAE@XZ) already defined in msvcprtd.lib(MSVCP120D.dll)
     1>libprotobuf.lib(unknown_field_set.obj) : error LNK2005: "public: struct std::_Iterator_base12 * * __thiscall std::_Container_base12::_Getpfirst(void)const " (?_Getpfirst@_Container_base12@std@@QBEPAPAU_Iterator_base12@2@XZ) already defined in msvcprtd.lib(MSVCP120D.dll)
     1>libprotobuf.lib(unknown_field_set.obj) : error LNK2005: "public: void __thiscall std::_Container_base12::_Orphan_all(void)" (?_Orphan_all@_Container_base12@std@@QAEXXZ) already defined in msvcprtd.lib(MSVCP120D.dll)
     1>libprotobuf.lib(message.obj) : error LNK2038: mismatch detected for 'RuntimeLibrary': value 'MTd_StaticDebug' doesn't match value 'MDd_DynamicDebug' in main.obj
     1>libprotobuf.lib(message.obj) : error LNK2005: "public: __thiscall std::_Container_base12::_Container_base12(void)" (??0_Container_base12@std@@QAE@XZ) already defined in msvcprtd.lib(MSVCP120D.dll)
     1>libprotobuf.lib(message.obj) : error LNK2005: "public: __thiscall std::locale::id::id(unsigned int)" (??0id@locale@std@@QAE@I@Z) already defined in msvcprtd.lib(MSVCP120D.dll)
     1>libprotobuf.lib(message.obj) : error LNK2005: "public: __thiscall std::_Container_base12::~_Container_base12(void)" (??1_Container_base12@std@@QAE@XZ) already defined in msvcprtd.lib(MSVCP120D.dll)
     1>libprotobuf.lib(message.obj) : error LNK2005: "public: struct std::_Iterator_base12 * * __thiscall std::_Container_base12::_Getpfirst(void)const " (?_Getpfirst@_Container_base12@std@@QBEPAPAU_Iterator_base12@2@XZ) already defined in msvcprtd.lib(MSVCP120D.dll)
     1>libprotobuf.lib(message.obj) : error LNK2005: "public: void __thiscall std::_Container_base12::_Orphan_all(void)" (?_Orphan_all@_Container_base12@std@@QAEXXZ) already defined in msvcprtd.lib(MSVCP120D.dll)
     1>libprotobuf.lib(message.obj) : error LNK2005: "public: bool __thiscall std::ios_base::good(void)const " (?good@ios_base@std@@QBE_NXZ) already defined in msvcprtd.lib(MSVCP120D.dll)
     1>libprotobuf.lib(wire_format_lite.obj) : error LNK2038: mismatch detected for 'RuntimeLibrary': value 'MTd_StaticDebug' doesn't match value 'MDd_DynamicDebug' in main.obj
     1>libprotobuf.lib(wire_format_lite.obj) : error LNK2005: "public: __thiscall std::_Container_base12::_Container_base12(void)" (??0_Container_base12@std@@QAE@XZ) already defined in msvcprtd.lib(MSVCP120D.dll)
     1>libprotobuf.lib(wire_format_lite.obj) : error LNK2005: "public: __thiscall std::locale::id::id(unsigned int)" (??0id@locale@std@@QAE@I@Z) already defined in msvcprtd.lib(MSVCP120D.dll)
     1>libprotobuf.lib(wire_format_lite.obj) : error LNK2005: "public: __thiscall std::_Container_base12::~_Container_base12(void)" (??1_Container_base12@std@@QAE@XZ) already defined in msvcprtd.lib(MSVCP120D.dll)
     1>libprotobuf.lib(wire_format_lite.obj) : error LNK2005: "public: void __thiscall std::_Container_base12::_Orphan_all(void)" (?_Orphan_all@_Container_base12@std@@QAEXXZ) already defined in msvcprtd.lib(MSVCP120D.dll)
     1>libprotobuf.lib(generated_message_reflection.obj) : error LNK2038: mismatch detected for 'RuntimeLibrary': value 'MTd_StaticDebug' doesn't match value 'MDd_DynamicDebug' in main.obj
     1>libprotobuf.lib(generated_message_reflection.obj) : error LNK2005: "public: __thiscall std::_Container_base12::_Container_base12(void)" (??0_Container_base12@std@@QAE@XZ) already defined in msvcprtd.lib(MSVCP120D.dll)
     1>libprotobuf.lib(generated_message_reflection.obj) : error LNK2005: "public: __thiscall std::locale::id::id(unsigned int)" (??0id@locale@std@@QAE@I@Z) already defined in msvcprtd.lib(MSVCP120D.dll)
     1>libprotobuf.lib(generated_message_reflection.obj) : error LNK2005: "public: __thiscall std::_Container_base12::~_Container_base12(void)" (??1_Container_base12@std@@QAE@XZ) already defined in msvcprtd.lib(MSVCP120D.dll)
     1>libprotobuf.lib(generated_message_reflection.obj) : error LNK2005: "public: struct std::_Iterator_base12 * * __thiscall std::_Container_base12::_Getpfirst(void)const " (?_Getpfirst@_Container_base12@std@@QBEPAPAU_Iterator_base12@2@XZ) already defined in msvcprtd.lib(MSVCP120D.dll)
     1>libprotobuf.lib(generated_message_reflection.obj) : error LNK2005: "public: void __thiscall std::_Container_base12::_Orphan_all(void)" (?_Orphan_all@_Container_base12@std@@QAEXXZ) already defined in msvcprtd.lib(MSVCP120D.dll)
     1>libprotobuf.lib(reflection_ops.obj) : error LNK2038: mismatch detected for 'RuntimeLibrary': value 'MTd_StaticDebug' doesn't match value 'MDd_DynamicDebug' in main.obj
     1>libprotobuf.lib(reflection_ops.obj) : error LNK2005: "public: __thiscall std::_Container_base12::_Container_base12(void)" (??0_Container_base12@std@@QAE@XZ) already defined in msvcprtd.lib(MSVCP120D.dll)
     1>libprotobuf.lib(reflection_ops.obj) : error LNK2005: "public: __thiscall std::locale::id::id(unsigned int)" (??0id@locale@std@@QAE@I@Z) already defined in msvcprtd.lib(MSVCP120D.dll)
     1>libprotobuf.lib(reflection_ops.obj) : error LNK2005: "public: __thiscall std::_Container_base12::~_Container_base12(void)" (??1_Container_base12@std@@QAE@XZ) already defined in msvcprtd.lib(MSVCP120D.dll)
     1>libprotobuf.lib(reflection_ops.obj) : error LNK2005: "public: struct std::_Iterator_base12 * * __thiscall std::_Container_base12::_Getpfirst(void)const " (?_Getpfirst@_Container_base12@std@@QBEPAPAU_Iterator_base12@2@XZ) already defined in msvcprtd.lib(MSVCP120D.dll)
     1>libprotobuf.lib(reflection_ops.obj) : error LNK2005: "public: void __thiscall std::_Container_base12::_Orphan_all(void)" (?_Orphan_all@_Container_base12@std@@QAEXXZ) already defined in msvcprtd.lib(MSVCP120D.dll)
     1>libprotobuf.lib(wire_format.obj) : error LNK2038: mismatch detected for 'RuntimeLibrary': value 'MTd_StaticDebug' doesn't match value 'MDd_DynamicDebug' in main.obj
     1>libprotobuf.lib(wire_format.obj) : error LNK2005: "public: __thiscall std::_Container_base12::_Container_base12(void)" (??0_Container_base12@std@@QAE@XZ) already defined in msvcprtd.lib(MSVCP120D.dll)
     1>libprotobuf.lib(wire_format.obj) : error LNK2005: "public: __thiscall std::locale::id::id(unsigned int)" (??0id@locale@std@@QAE@I@Z) already defined in msvcprtd.lib(MSVCP120D.dll)
     1>libprotobuf.lib(wire_format.obj) : error LNK2005: "public: __thiscall std::_Container_base12::~_Container_base12(void)" (??1_Container_base12@std@@QAE@XZ) already defined in msvcprtd.lib(MSVCP120D.dll)
     1>libprotobuf.lib(wire_format.obj) : error LNK2005: "public: void __thiscall std::_Container_base12::_Orphan_all(void)" (?_Orphan_all@_Container_base12@std@@QAEXXZ) already defined in msvcprtd.lib(MSVCP120D.dll)
     1>libprotobuf.lib(descriptor_database.obj) : error LNK2038: mismatch detected for 'RuntimeLibrary': value 'MTd_StaticDebug' doesn't match value 'MDd_DynamicDebug' in main.obj
     1>libprotobuf.lib(descriptor_database.obj) : error LNK2005: "public: __thiscall std::_Container_base12::_Container_base12(void)" (??0_Container_base12@std@@QAE@XZ) already defined in msvcprtd.lib(MSVCP120D.dll)
     1>libprotobuf.lib(descriptor_database.obj) : error LNK2005: "public: __thiscall std::locale::id::id(unsigned int)" (??0id@locale@std@@QAE@I@Z) already defined in msvcprtd.lib(MSVCP120D.dll)
     1>libprotobuf.lib(descriptor_database.obj) : error LNK2005: "public: __thiscall std::_Container_base12::~_Container_base12(void)" (??1_Container_base12@std@@QAE@XZ) already defined in msvcprtd.lib(MSVCP120D.dll)
     1>libprotobuf.lib(descriptor_database.obj) : error LNK2005: "public: struct std::_Iterator_base12 * * __thiscall std::_Container_base12::_Getpfirst(void)const " (?_Getpfirst@_Container_base12@std@@QBEPAPAU_Iterator_base12@2@XZ) already defined in msvcprtd.lib(MSVCP120D.dll)
     1>libprotobuf.lib(descriptor_database.obj) : error LNK2005: "public: void __thiscall std::_Container_base12::_Orphan_all(void)" (?_Orphan_all@_Container_base12@std@@QAEXXZ) already defined in msvcprtd.lib(MSVCP120D.dll)
     1>libprotobuf.lib(strtod.obj) : error LNK2038: mismatch detected for 'RuntimeLibrary': value 'MTd_StaticDebug' doesn't match value 'MDd_DynamicDebug' in main.obj
     1>libprotobuf.lib(strtod.obj) : error LNK2005: "public: __thiscall std::_Container_base12::_Container_base12(void)" (??0_Container_base12@std@@QAE@XZ) already defined in msvcprtd.lib(MSVCP120D.dll)
     1>libprotobuf.lib(strtod.obj) : error LNK2005: "public: __thiscall std::locale::id::id(unsigned int)" (??0id@locale@std@@QAE@I@Z) already defined in msvcprtd.lib(MSVCP120D.dll)
     1>libprotobuf.lib(strtod.obj) : error LNK2005: "public: __thiscall std::_Container_base12::~_Container_base12(void)" (??1_Container_base12@std@@QAE@XZ) already defined in msvcprtd.lib(MSVCP120D.dll)
     1>libprotobuf.lib(strtod.obj) : error LNK2005: "public: void __thiscall std::_Container_base12::_Orphan_all(void)" (?_Orphan_all@_Container_base12@std@@QAEXXZ) already defined in msvcprtd.lib(MSVCP120D.dll)
     1>libprotobuf.lib(atomicops_internals_x86_msvc.obj) : error LNK2038: mismatch detected for 'RuntimeLibrary': value 'MTd_StaticDebug' doesn't match value 'MDd_DynamicDebug' in main.obj
     1>libprotobuf.lib(atomicops_internals_x86_msvc.obj) : error LNK2005: "public: __thiscall std::_Container_base12::_Container_base12(void)" (??0_Container_base12@std@@QAE@XZ) already defined in msvcprtd.lib(MSVCP120D.dll)
     1>libprotobuf.lib(atomicops_internals_x86_msvc.obj) : error LNK2005: "public: __thiscall std::locale::id::id(unsigned int)" (??0id@locale@std@@QAE@I@Z) already defined in msvcprtd.lib(MSVCP120D.dll)
     1>libprotobuf.lib(atomicops_internals_x86_msvc.obj) : error LNK2005: "public: __thiscall std::_Container_base12::~_Container_base12(void)" (??1_Container_base12@std@@QAE@XZ) already defined in msvcprtd.lib(MSVCP120D.dll)
     1>libprotobuf.lib(atomicops_internals_x86_msvc.obj) : error LNK2005: "public: void __thiscall std::_Container_base12::_Orphan_all(void)" (?_Orphan_all@_Container_base12@std@@QAEXXZ) already defined in msvcprtd.lib(MSVCP120D.dll)
     1>libprotobuf.lib(extension_set.obj) : error LNK2038: mismatch detected for 'RuntimeLibrary': value 'MTd_StaticDebug' doesn't match value 'MDd_DynamicDebug' in main.obj
     1>libprotobuf.lib(extension_set.obj) : error LNK2005: "public: __thiscall std::_Container_base12::_Container_base12(void)" (??0_Container_base12@std@@QAE@XZ) already defined in msvcprtd.lib(MSVCP120D.dll)
     1>libprotobuf.lib(extension_set.obj) : error LNK2005: "public: __thiscall std::locale::id::id(unsigned int)" (??0id@locale@std@@QAE@I@Z) already defined in msvcprtd.lib(MSVCP120D.dll)
     1>libprotobuf.lib(extension_set.obj) : error LNK2005: "public: __thiscall std::_Container_base12::~_Container_base12(void)" (??1_Container_base12@std@@QAE@XZ) already defined in msvcprtd.lib(MSVCP120D.dll)
     1>libprotobuf.lib(extension_set.obj) : error LNK2005: "public: struct std::_Iterator_base12 * * __thiscall std::_Container_base12::_Getpfirst(void)const " (?_Getpfirst@_Container_base12@std@@QBEPAPAU_Iterator_base12@2@XZ) already defined in msvcprtd.lib(MSVCP120D.dll)
     1>libprotobuf.lib(extension_set.obj) : error LNK2005: "public: void __thiscall std::_Container_base12::_Orphan_all(void)" (?_Orphan_all@_Container_base12@std@@QAEXXZ) already defined in msvcprtd.lib(MSVCP120D.dll)
     1>libprotobuf.lib(extension_set.obj) : error LNK2005: "public: void __thiscall std::_Container_base12::_Swap_all(struct std::_Container_base12 &)" (?_Swap_all@_Container_base12@std@@QAEXAAU12@@Z) already defined in msvcprtd.lib(MSVCP120D.dll)
     1>libprotobuf.lib(extension_set_heavy.obj) : error LNK2038: mismatch detected for 'RuntimeLibrary': value 'MTd_StaticDebug' doesn't match value 'MDd_DynamicDebug' in main.obj
     1>libprotobuf.lib(extension_set_heavy.obj) : error LNK2005: "public: __thiscall std::_Container_base12::_Container_base12(void)" (??0_Container_base12@std@@QAE@XZ) already defined in msvcprtd.lib(MSVCP120D.dll)
     1>libprotobuf.lib(extension_set_heavy.obj) : error LNK2005: "public: __thiscall std::locale::id::id(unsigned int)" (??0id@locale@std@@QAE@I@Z) already defined in msvcprtd.lib(MSVCP120D.dll)
     1>libprotobuf.lib(extension_set_heavy.obj) : error LNK2005: "public: __thiscall std::_Container_base12::~_Container_base12(void)" (??1_Container_base12@std@@QAE@XZ) already defined in msvcprtd.lib(MSVCP120D.dll)
     1>libprotobuf.lib(extension_set_heavy.obj) : error LNK2005: "public: struct std::_Iterator_base12 * * __thiscall std::_Container_base12::_Getpfirst(void)const " (?_Getpfirst@_Container_base12@std@@QBEPAPAU_Iterator_base12@2@XZ) already defined in msvcprtd.lib(MSVCP120D.dll)
     1>libprotobuf.lib(extension_set_heavy.obj) : error LNK2005: "public: void __thiscall std::_Container_base12::_Orphan_all(void)" (?_Orphan_all@_Container_base12@std@@QAEXXZ) already defined in msvcprtd.lib(MSVCP120D.dll)
     1>libprotobuf.lib(parser.obj) : error LNK2038: mismatch detected for 'RuntimeLibrary': value 'MTd_StaticDebug' doesn't match value 'MDd_DynamicDebug' in main.obj
     1>libprotobuf.lib(parser.obj) : error LNK2005: "public: __thiscall std::_Container_base12::_Container_base12(void)" (??0_Container_base12@std@@QAE@XZ) already defined in msvcprtd.lib(MSVCP120D.dll)
     1>libprotobuf.lib(parser.obj) : error LNK2005: "public: __thiscall std::locale::id::id(unsigned int)" (??0id@locale@std@@QAE@I@Z) already defined in msvcprtd.lib(MSVCP120D.dll)
     1>libprotobuf.lib(parser.obj) : error LNK2005: "public: __thiscall std::_Container_base12::~_Container_base12(void)" (??1_Container_base12@std@@QAE@XZ) already defined in msvcprtd.lib(MSVCP120D.dll)
     1>libprotobuf.lib(parser.obj) : error LNK2005: "public: struct std::_Iterator_base12 * * __thiscall std::_Container_base12::_Getpfirst(void)const " (?_Getpfirst@_Container_base12@std@@QBEPAPAU_Iterator_base12@2@XZ) already defined in msvcprtd.lib(MSVCP120D.dll)
     1>libprotobuf.lib(parser.obj) : error LNK2005: "public: void __thiscall std::_Container_base12::_Orphan_all(void)" (?_Orphan_all@_Container_base12@std@@QAEXXZ) already defined in msvcprtd.lib(MSVCP120D.dll)
     1>libprotobuf.lib(parser.obj) : error LNK2005: "public: void __thiscall std::_Container_base12::_Swap_all(struct std::_Container_base12 &)" (?_Swap_all@_Container_base12@std@@QAEXAAU12@@Z) already defined in msvcprtd.lib(MSVCP120D.dll)
     1>libprotobuf.lib(map_field.obj) : error LNK2038: mismatch detected for 'RuntimeLibrary': value 'MTd_StaticDebug' doesn't match value 'MDd_DynamicDebug' in main.obj
     1>libprotobuf.lib(map_field.obj) : error LNK2005: "public: __thiscall std::_Container_base12::_Container_base12(void)" (??0_Container_base12@std@@QAE@XZ) already defined in msvcprtd.lib(MSVCP120D.dll)
     1>libprotobuf.lib(map_field.obj) : error LNK2005: "public: __thiscall std::locale::id::id(unsigned int)" (??0id@locale@std@@QAE@I@Z) already defined in msvcprtd.lib(MSVCP120D.dll)
     1>libprotobuf.lib(map_field.obj) : error LNK2005: "public: __thiscall std::_Container_base12::~_Container_base12(void)" (??1_Container_base12@std@@QAE@XZ) already defined in msvcprtd.lib(MSVCP120D.dll)
     1>libprotobuf.lib(map_field.obj) : error LNK2005: "public: struct std::_Iterator_base12 * * __thiscall std::_Container_base12::_Getpfirst(void)const " (?_Getpfirst@_Container_base12@std@@QBEPAPAU_Iterator_base12@2@XZ) already defined in msvcprtd.lib(MSVCP120D.dll)
     1>libprotobuf.lib(map_field.obj) : error LNK2005: "public: void __thiscall std::_Container_base12::_Orphan_all(void)" (?_Orphan_all@_Container_base12@std@@QAEXXZ) already defined in msvcprtd.lib(MSVCP120D.dll)
     1>libprotobuf.lib(structurally_valid.obj) : error LNK2038: mismatch detected for 'RuntimeLibrary': value 'MTd_StaticDebug' doesn't match value 'MDd_DynamicDebug' in main.obj
     1>libprotobuf.lib(structurally_valid.obj) : error LNK2005: "public: __thiscall std::_Container_base12::_Container_base12(void)" (??0_Container_base12@std@@QAE@XZ) already defined in msvcprtd.lib(MSVCP120D.dll)
     1>libprotobuf.lib(structurally_valid.obj) : error LNK2005: "public: __thiscall std::locale::id::id(unsigned int)" (??0id@locale@std@@QAE@I@Z) already defined in msvcprtd.lib(MSVCP120D.dll)
     1>libprotobuf.lib(structurally_valid.obj) : error LNK2005: "public: __thiscall std::_Container_base12::~_Container_base12(void)" (??1_Container_base12@std@@QAE@XZ) already defined in msvcprtd.lib(MSVCP120D.dll)
     1>libprotobuf.lib(structurally_valid.obj) : error LNK2005: "public: void __thiscall std::_Container_base12::_Orphan_all(void)" (?_Orphan_all@_Container_base12@std@@QAEXXZ) already defined in msvcprtd.lib(MSVCP120D.dll)
     1>libcmtd.lib(dosmap.obj) : error LNK2005: __errno already defined in MSVCRTD.lib(MSVCR120D.dll)
     1>libcmtd.lib(dbgheap.obj) : error LNK2005: __CrtSetCheckCount already defined in MSVCRTD.lib(MSVCR120D.dll)
     1>libcmtd.lib(dbgheap.obj) : error LNK2005: __calloc_dbg already defined in MSVCRTD.lib(MSVCR120D.dll)
     1>libcmtd.lib(dbgheap.obj) : error LNK2005: __free_dbg already defined in MSVCRTD.lib(MSVCR120D.dll)
     1>libcmtd.lib(mlock.obj) : error LNK2005: __lock already defined in MSVCRTD.lib(MSVCR120D.dll)
     1>libcmtd.lib(mlock.obj) : error LNK2005: __unlock already defined in MSVCRTD.lib(MSVCR120D.dll)
     1>libcmtd.lib(winapisupp.obj) : error LNK2005: ___crtSetUnhandledExceptionFilter already defined in MSVCRTD.lib(MSVCR120D.dll)
     1>libcmtd.lib(winapisupp.obj) : error LNK2005: ___crtTerminateProcess already defined in MSVCRTD.lib(MSVCR120D.dll)
     1>libcmtd.lib(winapisupp.obj) : error LNK2005: ___crtUnhandledException already defined in MSVCRTD.lib(MSVCR120D.dll)
     1>libcmtd.lib(sprintf.obj) : error LNK2005: _sprintf already defined in MSVCRTD.lib(MSVCR120D.dll)
     1>libcmtd.lib(dbghook.obj) : error LNK2005: __crt_debugger_hook already defined in MSVCRTD.lib(MSVCR120D.dll)
     1>libcmtd.lib(_file.obj) : error LNK2005: ___iob_func already defined in MSVCRTD.lib(MSVCR120D.dll)
     1>libcmtd.lib(crt0dat.obj) : error LNK2005: __amsg_exit already defined in MSVCRTD.lib(MSVCR120D.dll)
     1>libcmtd.lib(crt0dat.obj) : error LNK2005: __cexit already defined in MSVCRTD.lib(MSVCR120D.dll)
     1>libcmtd.lib(crt0dat.obj) : error LNK2005: __exit already defined in MSVCRTD.lib(MSVCR120D.dll)
     1>libcmtd.lib(crt0dat.obj) : error LNK2005: __initterm_e already defined in MSVCRTD.lib(MSVCR120D.dll)
     1>libcmtd.lib(crt0dat.obj) : error LNK2005: _exit already defined in MSVCRTD.lib(MSVCR120D.dll)
     1>libcmtd.lib(errmode.obj) : error LNK2005: ___set_app_type already defined in MSVCRTD.lib(MSVCR120D.dll)
     1>libcmtd.lib(winxfltr.obj) : error LNK2005: __XcptFilter already defined in MSVCRTD.lib(MSVCR120D.dll)
     1>libcmtd.lib(wsetloca.obj) : error LNK2005: __configthreadlocale already defined in MSVCRTD.lib(MSVCR120D.dll)
     1>libcmtd.lib(fflush.obj) : error LNK2005: _fflush already defined in MSVCRTD.lib(MSVCR120D.dll)
     1>libcmtd.lib(hooks.obj) : error LNK2005: "void __cdecl terminate(void)" (?terminate@@YAXXZ) already defined in MSVCRTD.lib(MSVCR120D.dll)
     1>libcmtd.lib(invarg.obj) : error LNK2005: __invalid_parameter already defined in MSVCRTD.lib(MSVCR120D.dll)
     1>libcmtd.lib(invarg.obj) : error LNK2005: __invoke_watson already defined in MSVCRTD.lib(MSVCR120D.dll)
     1>libcmtd.lib(crt0init.obj) : error LNK2005: ___xi_a already defined in MSVCRTD.lib(cinitexe.obj)
     1>libcmtd.lib(crt0init.obj) : error LNK2005: ___xi_z already defined in MSVCRTD.lib(cinitexe.obj)
     1>libcmtd.lib(crt0init.obj) : error LNK2005: ___xc_a already defined in MSVCRTD.lib(cinitexe.obj)
     1>libcmtd.lib(crt0init.obj) : error LNK2005: ___xc_z already defined in MSVCRTD.lib(cinitexe.obj)
     1>libcmtd.lib(dbgrptw.obj) : error LNK2005: __CrtDbgReportW already defined in MSVCRTD.lib(MSVCR120D.dll)
     1>libcmtd.lib(printf.obj) : error LNK2005: _printf already defined in MSVCRTD.lib(MSVCR120D.dll)
     1>libcpmtd.lib(locale0.obj) : error LNK2038: mismatch detected for 'RuntimeLibrary': value 'MTd_StaticDebug' doesn't match value 'MDd_DynamicDebug' in main.obj
     1>libcpmtd.lib(locale0.obj) : error LNK2005: "public: __thiscall std::_Container_base12::_Container_base12(void)" (??0_Container_base12@std@@QAE@XZ) already defined in msvcprtd.lib(MSVCP120D.dll)
     1>libcpmtd.lib(locale0.obj) : error LNK2005: "public: __thiscall std::locale::id::id(unsigned int)" (??0id@locale@std@@QAE@I@Z) already defined in msvcprtd.lib(MSVCP120D.dll)
     1>libcpmtd.lib(locale0.obj) : error LNK2005: "public: __thiscall std::_Container_base12::~_Container_base12(void)" (??1_Container_base12@std@@QAE@XZ) already defined in msvcprtd.lib(MSVCP120D.dll)
     1>libcpmtd.lib(locale0.obj) : error LNK2005: "void __cdecl std::_Facet_Register(class std::_Facet_base *)" (?_Facet_Register@std@@YAXPAV_Facet_base@1@@Z) already defined in msvcprtd.lib(locale0_implib.obj)
     1>libcpmtd.lib(locale0.obj) : error LNK2005: "private: static class std::locale::_Locimp * __cdecl std::locale::_Getgloballocale(void)" (?_Getgloballocale@locale@std@@CAPAV_Locimp@12@XZ) already defined in msvcprtd.lib(MSVCP120D.dll)
     1>libcpmtd.lib(locale0.obj) : error LNK2005: "public: static void __cdecl std::_Locinfo::_Locinfo_ctor(class std::_Locinfo *,char const *)" (?_Locinfo_ctor@_Locinfo@std@@SAXPAV12@PBD@Z) already defined in msvcprtd.lib(MSVCP120D.dll)
     1>libcpmtd.lib(locale0.obj) : error LNK2005: "public: static void __cdecl std::_Locinfo::_Locinfo_dtor(class std::_Locinfo *)" (?_Locinfo_dtor@_Locinfo@std@@SAXPAV12@@Z) already defined in msvcprtd.lib(MSVCP120D.dll)
     1>libcpmtd.lib(locale0.obj) : error LNK2005: "public: void __thiscall std::_Container_base12::_Orphan_all(void)" (?_Orphan_all@_Container_base12@std@@QAEXXZ) already defined in msvcprtd.lib(MSVCP120D.dll)
     1>libcpmtd.lib(iosptrs.obj) : error LNK2038: mismatch detected for 'RuntimeLibrary': value 'MTd_StaticDebug' doesn't match value 'MDd_DynamicDebug' in main.obj
     1>libcpmtd.lib(iosptrs.obj) : error LNK2005: "public: __thiscall std::_Container_base12::_Container_base12(void)" (??0_Container_base12@std@@QAE@XZ) already defined in msvcprtd.lib(MSVCP120D.dll)
     1>libcpmtd.lib(iosptrs.obj) : error LNK2005: "public: __thiscall std::_Container_base12::~_Container_base12(void)" (??1_Container_base12@std@@QAE@XZ) already defined in msvcprtd.lib(MSVCP120D.dll)
     1>libcpmtd.lib(iosptrs.obj) : error LNK2005: "public: void __thiscall std::_Container_base12::_Orphan_all(void)" (?_Orphan_all@_Container_base12@std@@QAEXXZ) already defined in msvcprtd.lib(MSVCP120D.dll)
     1>libcpmtd.lib(locale.obj) : error LNK2038: mismatch detected for 'RuntimeLibrary': value 'MTd_StaticDebug' doesn't match value 'MDd_DynamicDebug' in main.obj
     1>libcpmtd.lib(locale.obj) : error LNK2005: "public: __thiscall std::_Container_base12::_Container_base12(void)" (??0_Container_base12@std@@QAE@XZ) already defined in msvcprtd.lib(MSVCP120D.dll)
     1>libcpmtd.lib(locale.obj) : error LNK2005: "public: __thiscall std::locale::id::id(unsigned int)" (??0id@locale@std@@QAE@I@Z) already defined in msvcprtd.lib(MSVCP120D.dll)
     1>libcpmtd.lib(locale.obj) : error LNK2005: "public: __thiscall std::_Container_base12::~_Container_base12(void)" (??1_Container_base12@std@@QAE@XZ) already defined in msvcprtd.lib(MSVCP120D.dll)
     1>libcpmtd.lib(locale.obj) : error LNK2005: "public: void __thiscall std::_Container_base12::_Orphan_all(void)" (?_Orphan_all@_Container_base12@std@@QAEXXZ) already defined in msvcprtd.lib(MSVCP120D.dll)
     1>libcpmtd.lib(locale.obj) : error LNK2005: "protected: char * __thiscall std::basic_streambuf<char,struct std::char_traits<char> >::_Pninc(void)" (?_Pninc@?$basic_streambuf@DU?$char_traits@D@std@@@std@@IAEPADXZ) already defined in msvcprtd.lib(MSVCP120D.dll)
     1>libcpmtd.lib(locale.obj) : error LNK2005: "public: int __thiscall std::ios_base::flags(void)const " (?flags@ios_base@std@@QBEHXZ) already defined in msvcprtd.lib(MSVCP120D.dll)
     1>libcpmtd.lib(locale.obj) : error LNK2005: "protected: char * __thiscall std::basic_streambuf<char,struct std::char_traits<char> >::gptr(void)const " (?gptr@?$basic_streambuf@DU?$char_traits@D@std@@@std@@IBEPADXZ) already defined in msvcprtd.lib(MSVCP120D.dll)
     1>libcpmtd.lib(locale.obj) : error LNK2005: "public: int __thiscall std::basic_streambuf<char,struct std::char_traits<char> >::sputc(char)" (?sputc@?$basic_streambuf@DU?$char_traits@D@std@@@std@@QAEHD@Z) already defined in msvcprtd.lib(MSVCP120D.dll)
     1>libcpmtd.lib(locale.obj) : error LNK2005: "public: __int64 __thiscall std::ios_base::width(__int64)" (?width@ios_base@std@@QAE_J_J@Z) already defined in msvcprtd.lib(MSVCP120D.dll)
     1>libcpmtd.lib(locale.obj) : error LNK2005: "public: __int64 __thiscall std::ios_base::width(void)const " (?width@ios_base@std@@QBE_JXZ) already defined in msvcprtd.lib(MSVCP120D.dll)
     1>libcpmtd.lib(xlock.obj) : error LNK2038: mismatch detected for 'RuntimeLibrary': value 'MTd_StaticDebug' doesn't match value 'MDd_DynamicDebug' in main.obj
     1>libcpmtd.lib(xlock.obj) : error LNK2005: "public: __thiscall std::_Lockit::_Lockit(int)" (??0_Lockit@std@@QAE@H@Z) already defined in msvcprtd.lib(MSVCP120D.dll)
     1>libcpmtd.lib(xlock.obj) : error LNK2005: "public: __thiscall std::_Lockit::~_Lockit(void)" (??1_Lockit@std@@QAE@XZ) already defined in msvcprtd.lib(MSVCP120D.dll)
     1>libcpmtd.lib(xthrow.obj) : error LNK2038: mismatch detected for 'RuntimeLibrary': value 'MTd_StaticDebug' doesn't match value 'MDd_DynamicDebug' in main.obj
     1>libcpmtd.lib(xthrow.obj) : error LNK2005: "public: __thiscall std::_Container_base12::_Container_base12(void)" (??0_Container_base12@std@@QAE@XZ) already defined in msvcprtd.lib(MSVCP120D.dll)
     1>libcpmtd.lib(xthrow.obj) : error LNK2005: "public: __thiscall std::locale::id::id(unsigned int)" (??0id@locale@std@@QAE@I@Z) already defined in msvcprtd.lib(MSVCP120D.dll)
     1>libcpmtd.lib(xthrow.obj) : error LNK2005: "public: __thiscall std::_Container_base12::~_Container_base12(void)" (??1_Container_base12@std@@QAE@XZ) already defined in msvcprtd.lib(MSVCP120D.dll)
     1>libcpmtd.lib(xthrow.obj) : error LNK2005: "public: void __thiscall std::_Container_base12::_Orphan_all(void)" (?_Orphan_all@_Container_base12@std@@QAEXXZ) already defined in msvcprtd.lib(MSVCP120D.dll)
     1>libcpmtd.lib(xthrow.obj) : error LNK2005: "void __cdecl std::_Xbad_alloc(void)" (?_Xbad_alloc@std@@YAXXZ) already defined in msvcprtd.lib(MSVCP120D.dll)
     1>libcpmtd.lib(xthrow.obj) : error LNK2005: "void __cdecl std::_Xlength_error(char const *)" (?_Xlength_error@std@@YAXPBD@Z) already defined in msvcprtd.lib(MSVCP120D.dll)
     1>libcpmtd.lib(xthrow.obj) : error LNK2005: "void __cdecl std::_Xout_of_range(char const *)" (?_Xout_of_range@std@@YAXPBD@Z) already defined in msvcprtd.lib(MSVCP120D.dll)
     1>libcpmtd.lib(xdebug.obj) : error LNK2038: mismatch detected for 'RuntimeLibrary': value 'MTd_StaticDebug' doesn't match value 'MDd_DynamicDebug' in main.obj
     1>libcpmtd.lib(xdebug.obj) : error LNK2005: "void * __cdecl operator new(unsigned int,struct std::_DebugHeapTag_t const &,char *,int)" (??2@YAPAXIABU_DebugHeapTag_t@std@@PADH@Z) already defined in msvcprtd.lib(MSVCP120D.dll)
     1>libcpmtd.lib(xdebug.obj) : error LNK2005: "void __cdecl operator delete(void *,struct std::_DebugHeapTag_t const &,char *,int)" (??3@YAXPAXABU_DebugHeapTag_t@std@@PADH@Z) already defined in msvcprtd.lib(MSVCP120D.dll)
     1>libcpmtd.lib(xdebug.obj) : error LNK2005: "struct std::_DebugHeapTag_t const & __cdecl std::_DebugHeapTag_func(void)" (?_DebugHeapTag_func@std@@YAABU_DebugHeapTag_t@1@XZ) already defined in msvcprtd.lib(MSVCP120D.dll)
     1>libcpmtd.lib(wlocale.obj) : error LNK2038: mismatch detected for 'RuntimeLibrary': value 'MTd_StaticDebug' doesn't match value 'MDd_DynamicDebug' in main.obj
     1>libcpmtd.lib(wlocale.obj) : error LNK2005: "public: __thiscall std::_Container_base12::_Container_base12(void)" (??0_Container_base12@std@@QAE@XZ) already defined in msvcprtd.lib(MSVCP120D.dll)
     1>libcpmtd.lib(wlocale.obj) : error LNK2005: "public: __thiscall std::locale::id::id(unsigned int)" (??0id@locale@std@@QAE@I@Z) already defined in msvcprtd.lib(MSVCP120D.dll)
     1>libcpmtd.lib(wlocale.obj) : error LNK2005: "public: __thiscall std::_Container_base12::~_Container_base12(void)" (??1_Container_base12@std@@QAE@XZ) already defined in msvcprtd.lib(MSVCP120D.dll)
     1>libcpmtd.lib(wlocale.obj) : error LNK2005: "public: void __thiscall std::_Container_base12::_Orphan_all(void)" (?_Orphan_all@_Container_base12@std@@QAEXXZ) already defined in msvcprtd.lib(MSVCP120D.dll)
     1>libcpmtd.lib(wlocale.obj) : error LNK2005: "public: int __thiscall std::ios_base::flags(void)const " (?flags@ios_base@std@@QBEHXZ) already defined in msvcprtd.lib(MSVCP120D.dll)
     1>libcpmtd.lib(wlocale.obj) : error LNK2005: "public: __int64 __thiscall std::ios_base::width(__int64)" (?width@ios_base@std@@QAE_J_J@Z) already defined in msvcprtd.lib(MSVCP120D.dll)
     1>libcpmtd.lib(wlocale.obj) : error LNK2005: "public: __int64 __thiscall std::ios_base::width(void)const " (?width@ios_base@std@@QBE_JXZ) already defined in msvcprtd.lib(MSVCP120D.dll)
     1>libcpmtd.lib(xlocale.obj) : error LNK2038: mismatch detected for 'RuntimeLibrary': value 'MTd_StaticDebug' doesn't match value 'MDd_DynamicDebug' in main.obj
     1>libcpmtd.lib(xlocale.obj) : error LNK2005: "public: __thiscall std::_Container_base12::_Container_base12(void)" (??0_Container_base12@std@@QAE@XZ) already defined in msvcprtd.lib(MSVCP120D.dll)
     1>libcpmtd.lib(xlocale.obj) : error LNK2005: "public: __thiscall std::locale::id::id(unsigned int)" (??0id@locale@std@@QAE@I@Z) already defined in msvcprtd.lib(MSVCP120D.dll)
     1>libcpmtd.lib(xlocale.obj) : error LNK2005: "public: __thiscall std::_Container_base12::~_Container_base12(void)" (??1_Container_base12@std@@QAE@XZ) already defined in msvcprtd.lib(MSVCP120D.dll)
     1>libcpmtd.lib(xlocale.obj) : error LNK2005: "public: void __thiscall std::_Container_base12::_Orphan_all(void)" (?_Orphan_all@_Container_base12@std@@QAEXXZ) already defined in msvcprtd.lib(MSVCP120D.dll)
     1>libcpmtd.lib(xlocale.obj) : error LNK2005: "protected: char * __thiscall std::basic_streambuf<char,struct std::char_traits<char> >::_Pninc(void)" (?_Pninc@?$basic_streambuf@DU?$char_traits@D@std@@@std@@IAEPADXZ) already defined in msvcprtd.lib(MSVCP120D.dll)
     1>libcpmtd.lib(xlocale.obj) : error LNK2005: "public: int __thiscall std::ios_base::flags(void)const " (?flags@ios_base@std@@QBEHXZ) already defined in msvcprtd.lib(MSVCP120D.dll)
     1>libcpmtd.lib(xlocale.obj) : error LNK2005: "protected: char * __thiscall std::basic_streambuf<char,struct std::char_traits<char> >::gptr(void)const " (?gptr@?$basic_streambuf@DU?$char_traits@D@std@@@std@@IBEPADXZ) already defined in msvcprtd.lib(MSVCP120D.dll)
     1>libcpmtd.lib(xlocale.obj) : error LNK2005: "public: int __thiscall std::basic_streambuf<char,struct std::char_traits<char> >::sputc(char)" (?sputc@?$basic_streambuf@DU?$char_traits@D@std@@@std@@QAEHD@Z) already defined in msvcprtd.lib(MSVCP120D.dll)
     1>libcpmtd.lib(xlocale.obj) : error LNK2005: "public: __int64 __thiscall std::ios_base::width(__int64)" (?width@ios_base@std@@QAE_J_J@Z) already defined in msvcprtd.lib(MSVCP120D.dll)
     1>libcpmtd.lib(xlocale.obj) : error LNK2005: "public: __int64 __thiscall std::ios_base::width(void)const " (?width@ios_base@std@@QBE_JXZ) already defined in msvcprtd.lib(MSVCP120D.dll)
     1>libcpmtd.lib(xdateord.obj) : error LNK2038: mismatch detected for 'RuntimeLibrary': value 'MTd_StaticDebug' doesn't match value 'MDd_DynamicDebug' in main.obj
     1>libcpmtd.lib(xdateord.obj) : error LNK2005: "public: __thiscall std::_Container_base12::_Container_base12(void)" (??0_Container_base12@std@@QAE@XZ) already defined in msvcprtd.lib(MSVCP120D.dll)
     1>libcpmtd.lib(xdateord.obj) : error LNK2005: "public: __thiscall std::locale::id::id(unsigned int)" (??0id@locale@std@@QAE@I@Z) already defined in msvcprtd.lib(MSVCP120D.dll)
     1>libcpmtd.lib(xdateord.obj) : error LNK2005: "public: __thiscall std::_Container_base12::~_Container_base12(void)" (??1_Container_base12@std@@QAE@XZ) already defined in msvcprtd.lib(MSVCP120D.dll)
     1>libcpmtd.lib(xdateord.obj) : error LNK2005: "public: void __thiscall std::_Container_base12::_Orphan_all(void)" (?_Orphan_all@_Container_base12@std@@QAEXXZ) already defined in msvcprtd.lib(MSVCP120D.dll)
     1>LINK : warning LNK4098: defaultlib 'MSVCRTD' conflicts with use of other libs; use /NODEFAULTLIB:library
     1>MSVCRTD.lib(cinitexe.obj) : warning LNK4098: defaultlib 'libcmtd.lib' conflicts with use of other libs; use /NODEFAULTLIB:library
     1>Debug\protoc.exe : fatal error LNK1169: one or more multiply defined symbols found
     1>Done Building Project "C:\Users\labadmin\Downloads\protobuf-3.0.0-alpha-2\vsprojects\protoc.vcxproj" (Build target(s)) -- FAILED.

Build FAILED.

Time Elapsed 00:00:01.20
