c:\users\labadmin\downloads\protobuf-3.0.0-alpha-2\vsprojects\debug\libprotoc\vc120.pdb
c:\users\labadmin\downloads\protobuf-3.0.0-alpha-2\vsprojects\debug\libprotoc\vc120.idb
c:\users\labadmin\downloads\protobuf-3.0.0-alpha-2\vsprojects\debug\libprotoc\java_field.obj
c:\users\labadmin\downloads\protobuf-3.0.0-alpha-2\vsprojects\debug\libprotoc\java_file.obj
c:\users\labadmin\downloads\protobuf-3.0.0-alpha-2\vsprojects\debug\libprotoc\java_generator.obj
c:\users\labadmin\downloads\protobuf-3.0.0-alpha-2\vsprojects\debug\libprotoc\java_generator_factory.obj
c:\users\labadmin\downloads\protobuf-3.0.0-alpha-2\vsprojects\debug\libprotoc\java_helpers.obj
c:\users\labadmin\downloads\protobuf-3.0.0-alpha-2\vsprojects\debug\libprotoc\java_lazy_message_field.obj
c:\users\labadmin\downloads\protobuf-3.0.0-alpha-2\vsprojects\debug\libprotoc\java_map_field.obj
c:\users\labadmin\downloads\protobuf-3.0.0-alpha-2\vsprojects\debug\libprotoc\java_message.obj
c:\users\labadmin\downloads\protobuf-3.0.0-alpha-2\vsprojects\debug\libprotoc\java_message_field.obj
c:\users\labadmin\downloads\protobuf-3.0.0-alpha-2\vsprojects\debug\libprotoc\java_name_resolver.obj
c:\users\labadmin\downloads\protobuf-3.0.0-alpha-2\vsprojects\debug\libprotoc\java_primitive_field.obj
c:\users\labadmin\downloads\protobuf-3.0.0-alpha-2\vsprojects\debug\libprotoc\java_service.obj
c:\users\labadmin\downloads\protobuf-3.0.0-alpha-2\vsprojects\debug\libprotoc\java_shared_code_generator.obj
c:\users\labadmin\downloads\protobuf-3.0.0-alpha-2\vsprojects\debug\libprotoc\java_string_field.obj
c:\users\labadmin\downloads\protobuf-3.0.0-alpha-2\vsprojects\debug\libprotoc\plugin.obj
c:\users\labadmin\downloads\protobuf-3.0.0-alpha-2\vsprojects\debug\libprotoc\plugin.pb.obj
c:\users\labadmin\downloads\protobuf-3.0.0-alpha-2\vsprojects\debug\libprotoc\python_generator.obj
c:\users\labadmin\downloads\protobuf-3.0.0-alpha-2\vsprojects\debug\libprotoc\ruby_generator.obj
c:\users\labadmin\downloads\protobuf-3.0.0-alpha-2\vsprojects\debug\libprotoc\subprocess.obj
c:\users\labadmin\downloads\protobuf-3.0.0-alpha-2\vsprojects\debug\libprotoc\zip_writer.obj
c:\users\labadmin\downloads\protobuf-3.0.0-alpha-2\vsprojects\debug\libprotoc\cpp_message_field.obj
c:\users\labadmin\downloads\protobuf-3.0.0-alpha-2\vsprojects\debug\libprotoc\cpp_primitive_field.obj
c:\users\labadmin\downloads\protobuf-3.0.0-alpha-2\vsprojects\debug\libprotoc\cpp_service.obj
c:\users\labadmin\downloads\protobuf-3.0.0-alpha-2\vsprojects\debug\libprotoc\cpp_string_field.obj
c:\users\labadmin\downloads\protobuf-3.0.0-alpha-2\vsprojects\debug\libprotoc\javanano_enum.obj
c:\users\labadmin\downloads\protobuf-3.0.0-alpha-2\vsprojects\debug\libprotoc\javanano_enum_field.obj
c:\users\labadmin\downloads\protobuf-3.0.0-alpha-2\vsprojects\debug\libprotoc\javanano_extension.obj
c:\users\labadmin\downloads\protobuf-3.0.0-alpha-2\vsprojects\debug\libprotoc\javanano_field.obj
c:\users\labadmin\downloads\protobuf-3.0.0-alpha-2\vsprojects\debug\libprotoc\javanano_file.obj
c:\users\labadmin\downloads\protobuf-3.0.0-alpha-2\vsprojects\debug\libprotoc\javanano_generator.obj
c:\users\labadmin\downloads\protobuf-3.0.0-alpha-2\vsprojects\debug\libprotoc\javanano_helpers.obj
c:\users\labadmin\downloads\protobuf-3.0.0-alpha-2\vsprojects\debug\libprotoc\javanano_map_field.obj
c:\users\labadmin\downloads\protobuf-3.0.0-alpha-2\vsprojects\debug\libprotoc\javanano_message.obj
c:\users\labadmin\downloads\protobuf-3.0.0-alpha-2\vsprojects\debug\libprotoc\javanano_message_field.obj
c:\users\labadmin\downloads\protobuf-3.0.0-alpha-2\vsprojects\debug\libprotoc\javanano_primitive_field.obj
c:\users\labadmin\downloads\protobuf-3.0.0-alpha-2\vsprojects\debug\libprotoc\java_context.obj
c:\users\labadmin\downloads\protobuf-3.0.0-alpha-2\vsprojects\debug\libprotoc\java_doc_comment.obj
c:\users\labadmin\downloads\protobuf-3.0.0-alpha-2\vsprojects\debug\libprotoc\java_enum.obj
c:\users\labadmin\downloads\protobuf-3.0.0-alpha-2\vsprojects\debug\libprotoc\java_enum_field.obj
c:\users\labadmin\downloads\protobuf-3.0.0-alpha-2\vsprojects\debug\libprotoc\java_extension.obj
c:\users\labadmin\downloads\protobuf-3.0.0-alpha-2\vsprojects\debug\libprotoc\code_generator.obj
c:\users\labadmin\downloads\protobuf-3.0.0-alpha-2\vsprojects\debug\libprotoc\command_line_interface.obj
c:\users\labadmin\downloads\protobuf-3.0.0-alpha-2\vsprojects\debug\libprotoc\cpp_enum.obj
c:\users\labadmin\downloads\protobuf-3.0.0-alpha-2\vsprojects\debug\libprotoc\cpp_enum_field.obj
c:\users\labadmin\downloads\protobuf-3.0.0-alpha-2\vsprojects\debug\libprotoc\cpp_extension.obj
c:\users\labadmin\downloads\protobuf-3.0.0-alpha-2\vsprojects\debug\libprotoc\cpp_field.obj
c:\users\labadmin\downloads\protobuf-3.0.0-alpha-2\vsprojects\debug\libprotoc\cpp_file.obj
c:\users\labadmin\downloads\protobuf-3.0.0-alpha-2\vsprojects\debug\libprotoc\cpp_generator.obj
c:\users\labadmin\downloads\protobuf-3.0.0-alpha-2\vsprojects\debug\libprotoc\cpp_helpers.obj
c:\users\labadmin\downloads\protobuf-3.0.0-alpha-2\vsprojects\debug\libprotoc\cpp_map_field.obj
c:\users\labadmin\downloads\protobuf-3.0.0-alpha-2\vsprojects\debug\libprotoc\cpp_message.obj
c:\users\labadmin\downloads\protobuf-3.0.0-alpha-2\vsprojects\debug\libprotoc.lib
c:\users\labadmin\downloads\protobuf-3.0.0-alpha-2\vsprojects\debug\libprotoc\libprotoc.tlog\cl.command.1.tlog
c:\users\labadmin\downloads\protobuf-3.0.0-alpha-2\vsprojects\debug\libprotoc\libprotoc.tlog\cl.read.1.tlog
c:\users\labadmin\downloads\protobuf-3.0.0-alpha-2\vsprojects\debug\libprotoc\libprotoc.tlog\cl.write.1.tlog
c:\users\labadmin\downloads\protobuf-3.0.0-alpha-2\vsprojects\debug\libprotoc\libprotoc.tlog\lib-link.read.1.tlog
c:\users\labadmin\downloads\protobuf-3.0.0-alpha-2\vsprojects\debug\libprotoc\libprotoc.tlog\lib-link.write.1.tlog
c:\users\labadmin\downloads\protobuf-3.0.0-alpha-2\vsprojects\debug\libprotoc\libprotoc.tlog\lib.command.1.tlog
