Build started 5/26/2015 6:14:34 PM.
     1>Project "C:\Users\labadmin\Downloads\protobuf-3.0.0-alpha-2\vsprojects\libprotoc.vcxproj" on node 2 (Build target(s)).
     1>C:\Program Files (x86)\MSBuild\Microsoft.Cpp\v4.0\V120\Microsoft.CppBuild.targets(388,5): warning MSB8028: The intermediate directory (x64\Debug\) contains files shared from another project (libprotobuf-lite.vcxproj, libprotobuf.vcxproj).  This can lead to incorrect clean and rebuild behavior.
     1>ClCompile:
         C:\Program Files (x86)\Microsoft Visual Studio 12.0\VC\bin\x86_amd64\CL.exe /c /I../src /I. /Zi /nologo /W3 /WX- /Od /D WIN32 /D _DEBUG /D _WINDOWS /D _USRDLL /D LIBPROTOC_EXPORTS /Gm- /EHsc /RTC1 /MDd /GS /fp:precise /Zc:wchar_t /Zc:forScope /Fo"x64\Debug\\" /Fd"x64\Debug\vc120.pdb" /Gd /TP /errorReport:prompt /wd4244 /wd4267 /wd4018 /wd4355 /wd4800 /wd4251 /wd4996 /wd4146 /wd4305 ..\src\google\protobuf\compiler\code_generator.cc ..\src\google\protobuf\compiler\command_line_interface.cc ..\src\google\protobuf\compiler\cpp\cpp_enum.cc ..\src\google\protobuf\compiler\cpp\cpp_enum_field.cc ..\src\google\protobuf\compiler\cpp\cpp_extension.cc ..\src\google\protobuf\compiler\cpp\cpp_field.cc ..\src\google\protobuf\compiler\cpp\cpp_file.cc ..\src\google\protobuf\compiler\cpp\cpp_generator.cc ..\src\google\protobuf\compiler\cpp\cpp_helpers.cc ..\src\google\protobuf\compiler\cpp\cpp_map_field.cc ..\src\google\protobuf\compiler\cpp\cpp_message.cc ..\src\google\protobuf\compiler\cpp\cpp_message_field.cc ..\src\google\protobuf\compiler\cpp\cpp_primitive_field.cc ..\src\google\protobuf\compiler\cpp\cpp_service.cc ..\src\google\protobuf\compiler\cpp\cpp_string_field.cc ..\src\google\protobuf\compiler\javanano\javanano_enum.cc ..\src\google\protobuf\compiler\javanano\javanano_enum_field.cc ..\src\google\protobuf\compiler\javanano\javanano_extension.cc ..\src\google\protobuf\compiler\javanano\javanano_field.cc ..\src\google\protobuf\compiler\javanano\javanano_file.cc ..\src\google\protobuf\compiler\javanano\javanano_generator.cc ..\src\google\protobuf\compiler\javanano\javanano_helpers.cc ..\src\google\protobuf\compiler\javanano\javanano_map_field.cc ..\src\google\protobuf\compiler\javanano\javanano_message.cc ..\src\google\protobuf\compiler\javanano\javanano_message_field.cc ..\src\google\protobuf\compiler\javanano\javanano_primitive_field.cc ..\src\google\protobuf\compiler\java\java_context.cc ..\src\google\protobuf\compiler\java\java_doc_comment.cc ..\src\google\protobuf\compiler\java\java_enum.cc ..\src\google\protobuf\compiler\java\java_enum_field.cc ..\src\google\protobuf\compiler\java\java_extension.cc ..\src\google\protobuf\compiler\java\java_field.cc ..\src\google\protobuf\compiler\java\java_file.cc ..\src\google\protobuf\compiler\java\java_generator.cc ..\src\google\protobuf\compiler\java\java_generator_factory.cc ..\src\google\protobuf\compiler\java\java_helpers.cc ..\src\google\protobuf\compiler\java\java_lazy_message_field.cc ..\src\google\protobuf\compiler\java\java_map_field.cc ..\src\google\protobuf\compiler\java\java_message.cc ..\src\google\protobuf\compiler\java\java_message_field.cc ..\src\google\protobuf\compiler\java\java_name_resolver.cc ..\src\google\protobuf\compiler\java\java_primitive_field.cc ..\src\google\protobuf\compiler\java\java_service.cc ..\src\google\protobuf\compiler\java\java_shared_code_generator.cc ..\src\google\protobuf\compiler\java\java_string_field.cc ..\src\google\protobuf\compiler\plugin.cc ..\src\google\protobuf\compiler\plugin.pb.cc ..\src\google\protobuf\compiler\python\python_generator.cc ..\src\google\protobuf\compiler\ruby\ruby_generator.cc ..\src\google\protobuf\compiler\subprocess.cc ..\src\google\protobuf\compiler\zip_writer.cc
         code_generator.cc
     1>..\src\google\protobuf\compiler\code_generator.cc : fatal error C1041: cannot open program database 'c:\users\labadmin\downloads\protobuf-3.0.0-alpha-2\vsprojects\x64\debug\vc120.pdb'; if multiple CL.EXE write to the same .PDB file, please use /FS
         command_line_interface.cc
     1>..\src\google\protobuf\compiler\command_line_interface.cc : fatal error C1041: cannot open program database 'c:\users\labadmin\downloads\protobuf-3.0.0-alpha-2\vsprojects\x64\debug\vc120.pdb'; if multiple CL.EXE write to the same .PDB file, please use /FS
         cpp_enum.cc
     1>..\src\google\protobuf\compiler\cpp\cpp_enum.cc : fatal error C1041: cannot open program database 'c:\users\labadmin\downloads\protobuf-3.0.0-alpha-2\vsprojects\x64\debug\vc120.pdb'; if multiple CL.EXE write to the same .PDB file, please use /FS
         cpp_enum_field.cc
     1>..\src\google\protobuf\compiler\cpp\cpp_enum_field.cc : fatal error C1041: cannot open program database 'c:\users\labadmin\downloads\protobuf-3.0.0-alpha-2\vsprojects\x64\debug\vc120.pdb'; if multiple CL.EXE write to the same .PDB file, please use /FS
         cpp_extension.cc
     1>..\src\google\protobuf\compiler\cpp\cpp_extension.cc : fatal error C1041: cannot open program database 'c:\users\labadmin\downloads\protobuf-3.0.0-alpha-2\vsprojects\x64\debug\vc120.pdb'; if multiple CL.EXE write to the same .PDB file, please use /FS
         cpp_field.cc
     1>..\src\google\protobuf\compiler\cpp\cpp_field.cc : fatal error C1041: cannot open program database 'c:\users\labadmin\downloads\protobuf-3.0.0-alpha-2\vsprojects\x64\debug\vc120.pdb'; if multiple CL.EXE write to the same .PDB file, please use /FS
         cpp_file.cc
     1>..\src\google\protobuf\compiler\cpp\cpp_file.cc : fatal error C1041: cannot open program database 'c:\users\labadmin\downloads\protobuf-3.0.0-alpha-2\vsprojects\x64\debug\vc120.pdb'; if multiple CL.EXE write to the same .PDB file, please use /FS
         cpp_generator.cc
     1>..\src\google\protobuf\compiler\cpp\cpp_generator.cc : fatal error C1041: cannot open program database 'c:\users\labadmin\downloads\protobuf-3.0.0-alpha-2\vsprojects\x64\debug\vc120.pdb'; if multiple CL.EXE write to the same .PDB file, please use /FS
         cpp_helpers.cc
     1>..\src\google\protobuf\compiler\cpp\cpp_helpers.cc : fatal error C1041: cannot open program database 'c:\users\labadmin\downloads\protobuf-3.0.0-alpha-2\vsprojects\x64\debug\vc120.pdb'; if multiple CL.EXE write to the same .PDB file, please use /FS
         cpp_map_field.cc
     1>..\src\google\protobuf\compiler\cpp\cpp_map_field.cc : fatal error C1041: cannot open program database 'c:\users\labadmin\downloads\protobuf-3.0.0-alpha-2\vsprojects\x64\debug\vc120.pdb'; if multiple CL.EXE write to the same .PDB file, please use /FS
         cpp_message.cc
     1>..\src\google\protobuf\compiler\cpp\cpp_message.cc : fatal error C1041: cannot open program database 'c:\users\labadmin\downloads\protobuf-3.0.0-alpha-2\vsprojects\x64\debug\vc120.pdb'; if multiple CL.EXE write to the same .PDB file, please use /FS
         cpp_message_field.cc
     1>..\src\google\protobuf\compiler\cpp\cpp_message_field.cc : fatal error C1041: cannot open program database 'c:\users\labadmin\downloads\protobuf-3.0.0-alpha-2\vsprojects\x64\debug\vc120.pdb'; if multiple CL.EXE write to the same .PDB file, please use /FS
         cpp_primitive_field.cc
     1>..\src\google\protobuf\compiler\cpp\cpp_primitive_field.cc : fatal error C1041: cannot open program database 'c:\users\labadmin\downloads\protobuf-3.0.0-alpha-2\vsprojects\x64\debug\vc120.pdb'; if multiple CL.EXE write to the same .PDB file, please use /FS
         cpp_service.cc
     1>..\src\google\protobuf\compiler\cpp\cpp_service.cc : fatal error C1041: cannot open program database 'c:\users\labadmin\downloads\protobuf-3.0.0-alpha-2\vsprojects\x64\debug\vc120.pdb'; if multiple CL.EXE write to the same .PDB file, please use /FS
         cpp_string_field.cc
     1>..\src\google\protobuf\compiler\cpp\cpp_string_field.cc : fatal error C1041: cannot open program database 'c:\users\labadmin\downloads\protobuf-3.0.0-alpha-2\vsprojects\x64\debug\vc120.pdb'; if multiple CL.EXE write to the same .PDB file, please use /FS
         javanano_enum.cc
     1>..\src\google\protobuf\compiler\javanano\javanano_enum.cc : fatal error C1041: cannot open program database 'c:\users\labadmin\downloads\protobuf-3.0.0-alpha-2\vsprojects\x64\debug\vc120.pdb'; if multiple CL.EXE write to the same .PDB file, please use /FS
         javanano_enum_field.cc
     1>..\src\google\protobuf\compiler\javanano\javanano_enum_field.cc : fatal error C1041: cannot open program database 'c:\users\labadmin\downloads\protobuf-3.0.0-alpha-2\vsprojects\x64\debug\vc120.pdb'; if multiple CL.EXE write to the same .PDB file, please use /FS
         javanano_extension.cc
     1>..\src\google\protobuf\compiler\javanano\javanano_extension.cc : fatal error C1041: cannot open program database 'c:\users\labadmin\downloads\protobuf-3.0.0-alpha-2\vsprojects\x64\debug\vc120.pdb'; if multiple CL.EXE write to the same .PDB file, please use /FS
         javanano_field.cc
     1>..\src\google\protobuf\compiler\javanano\javanano_field.cc : fatal error C1041: cannot open program database 'c:\users\labadmin\downloads\protobuf-3.0.0-alpha-2\vsprojects\x64\debug\vc120.pdb'; if multiple CL.EXE write to the same .PDB file, please use /FS
         javanano_file.cc
     1>..\src\google\protobuf\compiler\javanano\javanano_file.cc : fatal error C1041: cannot open program database 'c:\users\labadmin\downloads\protobuf-3.0.0-alpha-2\vsprojects\x64\debug\vc120.pdb'; if multiple CL.EXE write to the same .PDB file, please use /FS
         Generating Code...
         Compiling...
         javanano_generator.cc
     1>..\src\google\protobuf\compiler\javanano\javanano_generator.cc : fatal error C1041: cannot open program database 'c:\users\labadmin\downloads\protobuf-3.0.0-alpha-2\vsprojects\x64\debug\vc120.pdb'; if multiple CL.EXE write to the same .PDB file, please use /FS
         javanano_helpers.cc
     1>..\src\google\protobuf\compiler\javanano\javanano_helpers.cc : fatal error C1041: cannot open program database 'c:\users\labadmin\downloads\protobuf-3.0.0-alpha-2\vsprojects\x64\debug\vc120.pdb'; if multiple CL.EXE write to the same .PDB file, please use /FS
         javanano_map_field.cc
     1>..\src\google\protobuf\compiler\javanano\javanano_map_field.cc : fatal error C1041: cannot open program database 'c:\users\labadmin\downloads\protobuf-3.0.0-alpha-2\vsprojects\x64\debug\vc120.pdb'; if multiple CL.EXE write to the same .PDB file, please use /FS
         javanano_message.cc
     1>..\src\google\protobuf\compiler\javanano\javanano_message.cc : fatal error C1041: cannot open program database 'c:\users\labadmin\downloads\protobuf-3.0.0-alpha-2\vsprojects\x64\debug\vc120.pdb'; if multiple CL.EXE write to the same .PDB file, please use /FS
         javanano_message_field.cc
     1>..\src\google\protobuf\compiler\javanano\javanano_message_field.cc : fatal error C1041: cannot open program database 'c:\users\labadmin\downloads\protobuf-3.0.0-alpha-2\vsprojects\x64\debug\vc120.pdb'; if multiple CL.EXE write to the same .PDB file, please use /FS
         javanano_primitive_field.cc
     1>..\src\google\protobuf\compiler\javanano\javanano_primitive_field.cc : fatal error C1041: cannot open program database 'c:\users\labadmin\downloads\protobuf-3.0.0-alpha-2\vsprojects\x64\debug\vc120.pdb'; if multiple CL.EXE write to the same .PDB file, please use /FS
         java_context.cc
     1>..\src\google\protobuf\compiler\java\java_context.cc : fatal error C1041: cannot open program database 'c:\users\labadmin\downloads\protobuf-3.0.0-alpha-2\vsprojects\x64\debug\vc120.pdb'; if multiple CL.EXE write to the same .PDB file, please use /FS
         java_doc_comment.cc
     1>..\src\google\protobuf\compiler\java\java_doc_comment.cc : fatal error C1041: cannot open program database 'c:\users\labadmin\downloads\protobuf-3.0.0-alpha-2\vsprojects\x64\debug\vc120.pdb'; if multiple CL.EXE write to the same .PDB file, please use /FS
         java_enum.cc
     1>..\src\google\protobuf\compiler\java\java_enum.cc : fatal error C1041: cannot open program database 'c:\users\labadmin\downloads\protobuf-3.0.0-alpha-2\vsprojects\x64\debug\vc120.pdb'; if multiple CL.EXE write to the same .PDB file, please use /FS
         java_enum_field.cc
     1>..\src\google\protobuf\compiler\java\java_enum_field.cc : fatal error C1041: cannot open program database 'c:\users\labadmin\downloads\protobuf-3.0.0-alpha-2\vsprojects\x64\debug\vc120.pdb'; if multiple CL.EXE write to the same .PDB file, please use /FS
         java_extension.cc
     1>..\src\google\protobuf\compiler\java\java_extension.cc : fatal error C1041: cannot open program database 'c:\users\labadmin\downloads\protobuf-3.0.0-alpha-2\vsprojects\x64\debug\vc120.pdb'; if multiple CL.EXE write to the same .PDB file, please use /FS
         java_field.cc
     1>..\src\google\protobuf\compiler\java\java_field.cc : fatal error C1041: cannot open program database 'c:\users\labadmin\downloads\protobuf-3.0.0-alpha-2\vsprojects\x64\debug\vc120.pdb'; if multiple CL.EXE write to the same .PDB file, please use /FS
         java_file.cc
     1>..\src\google\protobuf\compiler\java\java_file.cc : fatal error C1041: cannot open program database 'c:\users\labadmin\downloads\protobuf-3.0.0-alpha-2\vsprojects\x64\debug\vc120.pdb'; if multiple CL.EXE write to the same .PDB file, please use /FS
         java_generator.cc
     1>..\src\google\protobuf\compiler\java\java_generator.cc : fatal error C1041: cannot open program database 'c:\users\labadmin\downloads\protobuf-3.0.0-alpha-2\vsprojects\x64\debug\vc120.pdb'; if multiple CL.EXE write to the same .PDB file, please use /FS
         java_generator_factory.cc
     1>..\src\google\protobuf\compiler\java\java_generator_factory.cc : fatal error C1041: cannot open program database 'c:\users\labadmin\downloads\protobuf-3.0.0-alpha-2\vsprojects\x64\debug\vc120.pdb'; if multiple CL.EXE write to the same .PDB file, please use /FS
         java_helpers.cc
     1>..\src\google\protobuf\compiler\java\java_helpers.cc : fatal error C1041: cannot open program database 'c:\users\labadmin\downloads\protobuf-3.0.0-alpha-2\vsprojects\x64\debug\vc120.pdb'; if multiple CL.EXE write to the same .PDB file, please use /FS
         java_lazy_message_field.cc
     1>..\src\google\protobuf\compiler\java\java_lazy_message_field.cc : fatal error C1041: cannot open program database 'c:\users\labadmin\downloads\protobuf-3.0.0-alpha-2\vsprojects\x64\debug\vc120.pdb'; if multiple CL.EXE write to the same .PDB file, please use /FS
         java_map_field.cc
     1>..\src\google\protobuf\compiler\java\java_map_field.cc : fatal error C1041: cannot open program database 'c:\users\labadmin\downloads\protobuf-3.0.0-alpha-2\vsprojects\x64\debug\vc120.pdb'; if multiple CL.EXE write to the same .PDB file, please use /FS
         java_message.cc
     1>..\src\google\protobuf\compiler\java\java_message.cc : fatal error C1041: cannot open program database 'c:\users\labadmin\downloads\protobuf-3.0.0-alpha-2\vsprojects\x64\debug\vc120.pdb'; if multiple CL.EXE write to the same .PDB file, please use /FS
         java_message_field.cc
     1>..\src\google\protobuf\compiler\java\java_message_field.cc : fatal error C1041: cannot open program database 'c:\users\labadmin\downloads\protobuf-3.0.0-alpha-2\vsprojects\x64\debug\vc120.pdb'; if multiple CL.EXE write to the same .PDB file, please use /FS
         Generating Code...
         Compiling...
         java_name_resolver.cc
     1>..\src\google\protobuf\compiler\java\java_name_resolver.cc : fatal error C1041: cannot open program database 'c:\users\labadmin\downloads\protobuf-3.0.0-alpha-2\vsprojects\x64\debug\vc120.pdb'; if multiple CL.EXE write to the same .PDB file, please use /FS
         java_primitive_field.cc
     1>..\src\google\protobuf\compiler\java\java_primitive_field.cc : fatal error C1041: cannot open program database 'c:\users\labadmin\downloads\protobuf-3.0.0-alpha-2\vsprojects\x64\debug\vc120.pdb'; if multiple CL.EXE write to the same .PDB file, please use /FS
         java_service.cc
     1>..\src\google\protobuf\compiler\java\java_service.cc : fatal error C1041: cannot open program database 'c:\users\labadmin\downloads\protobuf-3.0.0-alpha-2\vsprojects\x64\debug\vc120.pdb'; if multiple CL.EXE write to the same .PDB file, please use /FS
         java_shared_code_generator.cc
     1>..\src\google\protobuf\compiler\java\java_shared_code_generator.cc : fatal error C1041: cannot open program database 'c:\users\labadmin\downloads\protobuf-3.0.0-alpha-2\vsprojects\x64\debug\vc120.pdb'; if multiple CL.EXE write to the same .PDB file, please use /FS
         java_string_field.cc
     1>..\src\google\protobuf\compiler\java\java_string_field.cc : fatal error C1041: cannot open program database 'c:\users\labadmin\downloads\protobuf-3.0.0-alpha-2\vsprojects\x64\debug\vc120.pdb'; if multiple CL.EXE write to the same .PDB file, please use /FS
         plugin.cc
     1>..\src\google\protobuf\compiler\plugin.cc : fatal error C1041: cannot open program database 'c:\users\labadmin\downloads\protobuf-3.0.0-alpha-2\vsprojects\x64\debug\vc120.pdb'; if multiple CL.EXE write to the same .PDB file, please use /FS
         plugin.pb.cc
     1>..\src\google\protobuf\compiler\plugin.pb.cc : fatal error C1041: cannot open program database 'c:\users\labadmin\downloads\protobuf-3.0.0-alpha-2\vsprojects\x64\debug\vc120.pdb'; if multiple CL.EXE write to the same .PDB file, please use /FS
         python_generator.cc
     1>..\src\google\protobuf\compiler\python\python_generator.cc : fatal error C1041: cannot open program database 'c:\users\labadmin\downloads\protobuf-3.0.0-alpha-2\vsprojects\x64\debug\vc120.pdb'; if multiple CL.EXE write to the same .PDB file, please use /FS
         ruby_generator.cc
     1>..\src\google\protobuf\compiler\ruby\ruby_generator.cc : fatal error C1041: cannot open program database 'c:\users\labadmin\downloads\protobuf-3.0.0-alpha-2\vsprojects\x64\debug\vc120.pdb'; if multiple CL.EXE write to the same .PDB file, please use /FS
         subprocess.cc
     1>..\src\google\protobuf\compiler\subprocess.cc : fatal error C1041: cannot open program database 'c:\users\labadmin\downloads\protobuf-3.0.0-alpha-2\vsprojects\x64\debug\vc120.pdb'; if multiple CL.EXE write to the same .PDB file, please use /FS
         zip_writer.cc
     1>..\src\google\protobuf\compiler\zip_writer.cc : fatal error C1041: cannot open program database 'c:\users\labadmin\downloads\protobuf-3.0.0-alpha-2\vsprojects\x64\debug\vc120.pdb'; if multiple CL.EXE write to the same .PDB file, please use /FS
         Generating Code...
     1>Done Building Project "C:\Users\labadmin\Downloads\protobuf-3.0.0-alpha-2\vsprojects\libprotoc.vcxproj" (Build target(s)) -- FAILED.

Build FAILED.

Time Elapsed 00:00:00.69
