Build started 5/26/2015 6:14:59 PM.
     1>Project "C:\Users\labadmin\Downloads\protobuf-3.0.0-alpha-2\vsprojects\libprotobuf.vcxproj" on node 2 (Build target(s)).
     1>C:\Program Files (x86)\MSBuild\Microsoft.Cpp\v4.0\V120\Microsoft.CppBuild.targets(388,5): warning MSB8028: The intermediate directory (x64\Debug\) contains files shared from another project (libprotobuf-lite.vcxproj, libprotoc.vcxproj, lite-test.vcxproj, protoc.vcxproj, tests.vcxproj, test_plugin.vcxproj).  This can lead to incorrect clean and rebuild behavior.
     1>ClCompile:
         C:\Program Files (x86)\Microsoft Visual Studio 12.0\VC\bin\x86_amd64\CL.exe /c /I../src /I. /Zi /nologo /W3 /WX- /Od /D WIN32 /D _DEBUG /D _WINDOWS /D _USRDLL /D LIBPROTOBUF_EXPORTS /Gm- /EHsc /RTC1 /MTd /GS /fp:precise /Zc:wchar_t /Zc:forScope /Fo"x64\Debug\\" /Fd"x64\Debug\vc120.pdb" /Gd /TP /errorReport:prompt /wd4244 /wd4267 /wd4018 /wd4355 /wd4800 /wd4251 /wd4996 /wd4146 /wd4305 ..\src\google\protobuf\arena.cc ..\src\google\protobuf\arenastring.cc ..\src\google\protobuf\compiler\importer.cc ..\src\google\protobuf\compiler\parser.cc ..\src\google\protobuf\descriptor.cc ..\src\google\protobuf\descriptor.pb.cc ..\src\google\protobuf\descriptor_database.cc ..\src\google\protobuf\dynamic_message.cc ..\src\google\protobuf\extension_set.cc ..\src\google\protobuf\extension_set_heavy.cc ..\src\google\protobuf\generated_message_reflection.cc ..\src\google\protobuf\generated_message_util.cc ..\src\google\protobuf\io\coded_stream.cc ..\src\google\protobuf\io\gzip_stream.cc ..\src\google\protobuf\io\printer.cc ..\src\google\protobuf\io\strtod.cc ..\src\google\protobuf\io\tokenizer.cc ..\src\google\protobuf\io\zero_copy_stream.cc ..\src\google\protobuf\io\zero_copy_stream_impl.cc ..\src\google\protobuf\io\zero_copy_stream_impl_lite.cc ..\src\google\protobuf\map_field.cc ..\src\google\protobuf\message.cc ..\src\google\protobuf\message_lite.cc ..\src\google\protobuf\reflection_ops.cc ..\src\google\protobuf\repeated_field.cc ..\src\google\protobuf\service.cc ..\src\google\protobuf\stubs\atomicops_internals_x86_gcc.cc ..\src\google\protobuf\stubs\atomicops_internals_x86_msvc.cc ..\src\google\protobuf\stubs\common.cc ..\src\google\protobuf\stubs\once.cc ..\src\google\protobuf\stubs\stringprintf.cc ..\src\google\protobuf\stubs\structurally_valid.cc ..\src\google\protobuf\stubs\strutil.cc ..\src\google\protobuf\stubs\substitute.cc ..\src\google\protobuf\text_format.cc ..\src\google\protobuf\unknown_field_set.cc ..\src\google\protobuf\wire_format.cc ..\src\google\protobuf\wire_format_lite.cc
         arena.cc
         arenastring.cc
         importer.cc
         parser.cc
         descriptor.cc
         descriptor.pb.cc
         descriptor_database.cc
         dynamic_message.cc
         extension_set.cc
         extension_set_heavy.cc
         generated_message_reflection.cc
     1>..\src\google\protobuf\generated_message_reflection.cc(1882): warning C4065: switch statement contains 'default' but no 'case' labels
     1>C:\Program Files (x86)\Microsoft Visual Studio 12.0\VC\include\xtree(893): warning C4506: no definition for inline function 'google::protobuf::Message *google::protobuf::internal::GenericTypeHandler<google::protobuf::Message>::NewFromPrototype(const GenericType *,google::protobuf::Arena *)'
                 with
                 [
                     GenericType=google::protobuf::Message
                 ]
         generated_message_util.cc
         coded_stream.cc
         gzip_stream.cc
         printer.cc
         strtod.cc
         tokenizer.cc
         zero_copy_stream.cc
         zero_copy_stream_impl.cc
         zero_copy_stream_impl_lite.cc
         Generating Code...
         Compiling...
         map_field.cc
         message.cc
         message_lite.cc
         reflection_ops.cc
         repeated_field.cc
         service.cc
         atomicops_internals_x86_gcc.cc
         atomicops_internals_x86_msvc.cc
         common.cc
         once.cc
         stringprintf.cc
         structurally_valid.cc
         strutil.cc
         substitute.cc
         text_format.cc
         unknown_field_set.cc
         wire_format.cc
         wire_format_lite.cc
         Generating Code...
       Lib:
         C:\Program Files (x86)\Microsoft Visual Studio 12.0\VC\bin\x86_amd64\Lib.exe /OUT:"C:\Users\labadmin\Downloads\protobuf-3.0.0-alpha-2\vsprojects\x64\Debug\libprotobuf.lib" /NOLOGO /MACHINE:X64 x64\Debug\arena.obj
         x64\Debug\arenastring.obj
         x64\Debug\importer.obj
         x64\Debug\parser.obj
         x64\Debug\descriptor.obj
         x64\Debug\descriptor.pb.obj
         x64\Debug\descriptor_database.obj
         x64\Debug\dynamic_message.obj
         x64\Debug\extension_set.obj
         x64\Debug\extension_set_heavy.obj
         x64\Debug\generated_message_reflection.obj
         x64\Debug\generated_message_util.obj
         x64\Debug\coded_stream.obj
         x64\Debug\gzip_stream.obj
         x64\Debug\printer.obj
         x64\Debug\strtod.obj
         x64\Debug\tokenizer.obj
         x64\Debug\zero_copy_stream.obj
         x64\Debug\zero_copy_stream_impl.obj
         x64\Debug\zero_copy_stream_impl_lite.obj
         x64\Debug\map_field.obj
         x64\Debug\message.obj
         x64\Debug\message_lite.obj
         x64\Debug\reflection_ops.obj
         x64\Debug\repeated_field.obj
         x64\Debug\service.obj
         x64\Debug\atomicops_internals_x86_gcc.obj
         x64\Debug\atomicops_internals_x86_msvc.obj
         x64\Debug\common.obj
         x64\Debug\once.obj
         x64\Debug\stringprintf.obj
         x64\Debug\structurally_valid.obj
         x64\Debug\strutil.obj
         x64\Debug\substitute.obj
         x64\Debug\text_format.obj
         x64\Debug\unknown_field_set.obj
         x64\Debug\wire_format.obj
         x64\Debug\wire_format_lite.obj
     1>atomicops_internals_x86_gcc.obj : warning LNK4221: This object file does not define any previously undefined public symbols, so it will not be used by any link operation that consumes this library
         libprotobuf.vcxproj -> C:\Users\labadmin\Downloads\protobuf-3.0.0-alpha-2\vsprojects\x64\Debug\libprotobuf.lib
     1>Done Building Project "C:\Users\labadmin\Downloads\protobuf-3.0.0-alpha-2\vsprojects\libprotobuf.vcxproj" (Build target(s)).

Build succeeded.

Time Elapsed 00:00:27.36
