c:\users\labadmin\downloads\protobuf-3.0.0-alpha-2\vsprojects\debug\libprotobuf-lite\vc120.pdb
c:\users\labadmin\downloads\protobuf-3.0.0-alpha-2\vsprojects\debug\libprotobuf-lite\vc120.idb
c:\users\labadmin\downloads\protobuf-3.0.0-alpha-2\vsprojects\debug\libprotobuf-lite\arena.obj
c:\users\labadmin\downloads\protobuf-3.0.0-alpha-2\vsprojects\debug\libprotobuf-lite\arenastring.obj
c:\users\labadmin\downloads\protobuf-3.0.0-alpha-2\vsprojects\debug\libprotobuf-lite\extension_set.obj
c:\users\labadmin\downloads\protobuf-3.0.0-alpha-2\vsprojects\debug\libprotobuf-lite\generated_message_util.obj
c:\users\labadmin\downloads\protobuf-3.0.0-alpha-2\vsprojects\debug\libprotobuf-lite\coded_stream.obj
c:\users\labadmin\downloads\protobuf-3.0.0-alpha-2\vsprojects\debug\libprotobuf-lite\zero_copy_stream.obj
c:\users\labadmin\downloads\protobuf-3.0.0-alpha-2\vsprojects\debug\libprotobuf-lite\zero_copy_stream_impl_lite.obj
c:\users\labadmin\downloads\protobuf-3.0.0-alpha-2\vsprojects\debug\libprotobuf-lite\message_lite.obj
c:\users\labadmin\downloads\protobuf-3.0.0-alpha-2\vsprojects\debug\libprotobuf-lite\repeated_field.obj
c:\users\labadmin\downloads\protobuf-3.0.0-alpha-2\vsprojects\debug\libprotobuf-lite\atomicops_internals_x86_gcc.obj
c:\users\labadmin\downloads\protobuf-3.0.0-alpha-2\vsprojects\debug\libprotobuf-lite\atomicops_internals_x86_msvc.obj
c:\users\labadmin\downloads\protobuf-3.0.0-alpha-2\vsprojects\debug\libprotobuf-lite\common.obj
c:\users\labadmin\downloads\protobuf-3.0.0-alpha-2\vsprojects\debug\libprotobuf-lite\once.obj
c:\users\labadmin\downloads\protobuf-3.0.0-alpha-2\vsprojects\debug\libprotobuf-lite\stringprintf.obj
c:\users\labadmin\downloads\protobuf-3.0.0-alpha-2\vsprojects\debug\libprotobuf-lite\wire_format_lite.obj
c:\users\labadmin\downloads\protobuf-3.0.0-alpha-2\vsprojects\debug\libprotobuf-lite.lib
c:\users\labadmin\downloads\protobuf-3.0.0-alpha-2\vsprojects\debug\libprotobuf-lite\libprotobuf-lite.tlog\cl.command.1.tlog
c:\users\labadmin\downloads\protobuf-3.0.0-alpha-2\vsprojects\debug\libprotobuf-lite\libprotobuf-lite.tlog\cl.read.1.tlog
c:\users\labadmin\downloads\protobuf-3.0.0-alpha-2\vsprojects\debug\libprotobuf-lite\libprotobuf-lite.tlog\cl.write.1.tlog
c:\users\labadmin\downloads\protobuf-3.0.0-alpha-2\vsprojects\debug\libprotobuf-lite\libprotobuf-lite.tlog\lib-link.read.1.tlog
c:\users\labadmin\downloads\protobuf-3.0.0-alpha-2\vsprojects\debug\libprotobuf-lite\libprotobuf-lite.tlog\lib-link.write.1.tlog
c:\users\labadmin\downloads\protobuf-3.0.0-alpha-2\vsprojects\debug\libprotobuf-lite\libprotobuf-lite.tlog\lib.command.1.tlog
