Build started 5/26/2015 6:40:53 PM.
     1>Project "C:\Users\labadmin\Downloads\protobuf-3.0.0-alpha-2\vsprojects\libprotobuf-lite.vcxproj" on node 2 (Build target(s)).
     1>ClCompile:
         C:\Program Files (x86)\Microsoft Visual Studio 12.0\VC\bin\CL.exe /c /I../src /I. /Zi /nologo /W3 /WX- /O2 /Oy- /D WIN32 /D NDEBUG /D _WINDOWS /D _USRDLL /D LIBPROTOBUF_EXPORTS /Gm- /EHsc /MT /GS /fp:precise /Zc:wchar_t /Zc:forScope /Fo"Release\libprotobuf-lite\\" /Fd"Release\libprotobuf-lite\vc120.pdb" /Gd /TP /analyze- /errorReport:prompt /wd4244 /wd4267 /wd4018 /wd4355 /wd4800 /wd4251 /wd4996 /wd4146 /wd4305 ..\src\google\protobuf\arena.cc ..\src\google\protobuf\arenastring.cc ..\src\google\protobuf\extension_set.cc ..\src\google\protobuf\generated_message_util.cc ..\src\google\protobuf\io\coded_stream.cc ..\src\google\protobuf\io\zero_copy_stream.cc ..\src\google\protobuf\io\zero_copy_stream_impl_lite.cc ..\src\google\protobuf\message_lite.cc ..\src\google\protobuf\repeated_field.cc ..\src\google\protobuf\stubs\atomicops_internals_x86_gcc.cc ..\src\google\protobuf\stubs\atomicops_internals_x86_msvc.cc ..\src\google\protobuf\stubs\common.cc ..\src\google\protobuf\stubs\once.cc ..\src\google\protobuf\stubs\stringprintf.cc ..\src\google\protobuf\wire_format_lite.cc
         arena.cc
         arenastring.cc
         extension_set.cc
         generated_message_util.cc
         coded_stream.cc
         zero_copy_stream.cc
         zero_copy_stream_impl_lite.cc
         message_lite.cc
         repeated_field.cc
         atomicops_internals_x86_gcc.cc
         atomicops_internals_x86_msvc.cc
         common.cc
         once.cc
         stringprintf.cc
         wire_format_lite.cc
         Generating Code...
       Lib:
         C:\Program Files (x86)\Microsoft Visual Studio 12.0\VC\bin\Lib.exe /OUT:"Release\libprotobuf-lite.lib" /NOLOGO "Release\libprotobuf-lite\arena.obj"
         "Release\libprotobuf-lite\arenastring.obj"
         "Release\libprotobuf-lite\extension_set.obj"
         "Release\libprotobuf-lite\generated_message_util.obj"
         "Release\libprotobuf-lite\coded_stream.obj"
         "Release\libprotobuf-lite\zero_copy_stream.obj"
         "Release\libprotobuf-lite\zero_copy_stream_impl_lite.obj"
         "Release\libprotobuf-lite\message_lite.obj"
         "Release\libprotobuf-lite\repeated_field.obj"
         "Release\libprotobuf-lite\atomicops_internals_x86_gcc.obj"
         "Release\libprotobuf-lite\atomicops_internals_x86_msvc.obj"
         "Release\libprotobuf-lite\common.obj"
         "Release\libprotobuf-lite\once.obj"
         "Release\libprotobuf-lite\stringprintf.obj"
         "Release\libprotobuf-lite\wire_format_lite.obj"
     1>atomicops_internals_x86_gcc.obj : warning LNK4221: This object file does not define any previously undefined public symbols, so it will not be used by any link operation that consumes this library
         libprotobuf-lite.vcxproj -> C:\Users\labadmin\Downloads\protobuf-3.0.0-alpha-2\vsprojects\Release\libprotobuf-lite.lib
     1>Done Building Project "C:\Users\labadmin\Downloads\protobuf-3.0.0-alpha-2\vsprojects\libprotobuf-lite.vcxproj" (Build target(s)).

Build succeeded.

Time Elapsed 00:00:08.49
