c:\users\labadmin\downloads\protobuf-3.0.0-alpha-2\vsprojects\debug\libprotobuf\vc120.pdb
c:\users\labadmin\downloads\protobuf-3.0.0-alpha-2\vsprojects\debug\libprotobuf\vc120.idb
c:\users\labadmin\downloads\protobuf-3.0.0-alpha-2\vsprojects\debug\libprotobuf\zero_copy_stream_impl.obj
c:\users\labadmin\downloads\protobuf-3.0.0-alpha-2\vsprojects\debug\libprotobuf\zero_copy_stream_impl_lite.obj
c:\users\labadmin\downloads\protobuf-3.0.0-alpha-2\vsprojects\debug\libprotobuf\map_field.obj
c:\users\labadmin\downloads\protobuf-3.0.0-alpha-2\vsprojects\debug\libprotobuf\message.obj
c:\users\labadmin\downloads\protobuf-3.0.0-alpha-2\vsprojects\debug\libprotobuf\message_lite.obj
c:\users\labadmin\downloads\protobuf-3.0.0-alpha-2\vsprojects\debug\libprotobuf\reflection_ops.obj
c:\users\labadmin\downloads\protobuf-3.0.0-alpha-2\vsprojects\debug\libprotobuf\repeated_field.obj
c:\users\labadmin\downloads\protobuf-3.0.0-alpha-2\vsprojects\debug\libprotobuf\service.obj
c:\users\labadmin\downloads\protobuf-3.0.0-alpha-2\vsprojects\debug\libprotobuf\atomicops_internals_x86_gcc.obj
c:\users\labadmin\downloads\protobuf-3.0.0-alpha-2\vsprojects\debug\libprotobuf\atomicops_internals_x86_msvc.obj
c:\users\labadmin\downloads\protobuf-3.0.0-alpha-2\vsprojects\debug\libprotobuf\common.obj
c:\users\labadmin\downloads\protobuf-3.0.0-alpha-2\vsprojects\debug\libprotobuf\once.obj
c:\users\labadmin\downloads\protobuf-3.0.0-alpha-2\vsprojects\debug\libprotobuf\stringprintf.obj
c:\users\labadmin\downloads\protobuf-3.0.0-alpha-2\vsprojects\debug\libprotobuf\structurally_valid.obj
c:\users\labadmin\downloads\protobuf-3.0.0-alpha-2\vsprojects\debug\libprotobuf\strutil.obj
c:\users\labadmin\downloads\protobuf-3.0.0-alpha-2\vsprojects\debug\libprotobuf\substitute.obj
c:\users\labadmin\downloads\protobuf-3.0.0-alpha-2\vsprojects\debug\libprotobuf\text_format.obj
c:\users\labadmin\downloads\protobuf-3.0.0-alpha-2\vsprojects\debug\libprotobuf\unknown_field_set.obj
c:\users\labadmin\downloads\protobuf-3.0.0-alpha-2\vsprojects\debug\libprotobuf\wire_format.obj
c:\users\labadmin\downloads\protobuf-3.0.0-alpha-2\vsprojects\debug\libprotobuf\wire_format_lite.obj
c:\users\labadmin\downloads\protobuf-3.0.0-alpha-2\vsprojects\debug\libprotobuf\arena.obj
c:\users\labadmin\downloads\protobuf-3.0.0-alpha-2\vsprojects\debug\libprotobuf\arenastring.obj
c:\users\labadmin\downloads\protobuf-3.0.0-alpha-2\vsprojects\debug\libprotobuf\importer.obj
c:\users\labadmin\downloads\protobuf-3.0.0-alpha-2\vsprojects\debug\libprotobuf\parser.obj
c:\users\labadmin\downloads\protobuf-3.0.0-alpha-2\vsprojects\debug\libprotobuf\descriptor.obj
c:\users\labadmin\downloads\protobuf-3.0.0-alpha-2\vsprojects\debug\libprotobuf\descriptor.pb.obj
c:\users\labadmin\downloads\protobuf-3.0.0-alpha-2\vsprojects\debug\libprotobuf\descriptor_database.obj
c:\users\labadmin\downloads\protobuf-3.0.0-alpha-2\vsprojects\debug\libprotobuf\dynamic_message.obj
c:\users\labadmin\downloads\protobuf-3.0.0-alpha-2\vsprojects\debug\libprotobuf\extension_set.obj
c:\users\labadmin\downloads\protobuf-3.0.0-alpha-2\vsprojects\debug\libprotobuf\extension_set_heavy.obj
c:\users\labadmin\downloads\protobuf-3.0.0-alpha-2\vsprojects\debug\libprotobuf\generated_message_reflection.obj
c:\users\labadmin\downloads\protobuf-3.0.0-alpha-2\vsprojects\debug\libprotobuf\generated_message_util.obj
c:\users\labadmin\downloads\protobuf-3.0.0-alpha-2\vsprojects\debug\libprotobuf\coded_stream.obj
c:\users\labadmin\downloads\protobuf-3.0.0-alpha-2\vsprojects\debug\libprotobuf\gzip_stream.obj
c:\users\labadmin\downloads\protobuf-3.0.0-alpha-2\vsprojects\debug\libprotobuf\printer.obj
c:\users\labadmin\downloads\protobuf-3.0.0-alpha-2\vsprojects\debug\libprotobuf\strtod.obj
c:\users\labadmin\downloads\protobuf-3.0.0-alpha-2\vsprojects\debug\libprotobuf\tokenizer.obj
c:\users\labadmin\downloads\protobuf-3.0.0-alpha-2\vsprojects\debug\libprotobuf\zero_copy_stream.obj
c:\users\labadmin\downloads\protobuf-3.0.0-alpha-2\vsprojects\debug\libprotobuf.lib
c:\users\labadmin\downloads\protobuf-3.0.0-alpha-2\vsprojects\debug\libprotobuf\libprotobuf.tlog\cl.command.1.tlog
c:\users\labadmin\downloads\protobuf-3.0.0-alpha-2\vsprojects\debug\libprotobuf\libprotobuf.tlog\cl.read.1.tlog
c:\users\labadmin\downloads\protobuf-3.0.0-alpha-2\vsprojects\debug\libprotobuf\libprotobuf.tlog\cl.write.1.tlog
c:\users\labadmin\downloads\protobuf-3.0.0-alpha-2\vsprojects\debug\libprotobuf\libprotobuf.tlog\lib-link.read.1.tlog
c:\users\labadmin\downloads\protobuf-3.0.0-alpha-2\vsprojects\debug\libprotobuf\libprotobuf.tlog\lib-link.write.1.tlog
c:\users\labadmin\downloads\protobuf-3.0.0-alpha-2\vsprojects\debug\libprotobuf\libprotobuf.tlog\lib.command.1.tlog
