c:\users\labadmin\downloads\protobuf-3.0.0-alpha-2\vsprojects\x64\release\vc120.pdb
c:\users\labadmin\downloads\protobuf-3.0.0-alpha-2\vsprojects\x64\release\zero_copy_stream_impl_lite.obj
c:\users\labadmin\downloads\protobuf-3.0.0-alpha-2\vsprojects\x64\release\zero_copy_stream_impl.obj
c:\users\labadmin\downloads\protobuf-3.0.0-alpha-2\vsprojects\x64\release\zero_copy_stream.obj
c:\users\labadmin\downloads\protobuf-3.0.0-alpha-2\vsprojects\x64\release\tokenizer.obj
c:\users\labadmin\downloads\protobuf-3.0.0-alpha-2\vsprojects\x64\release\strtod.obj
c:\users\labadmin\downloads\protobuf-3.0.0-alpha-2\vsprojects\x64\release\printer.obj
c:\users\labadmin\downloads\protobuf-3.0.0-alpha-2\vsprojects\x64\release\gzip_stream.obj
c:\users\labadmin\downloads\protobuf-3.0.0-alpha-2\vsprojects\x64\release\coded_stream.obj
c:\users\labadmin\downloads\protobuf-3.0.0-alpha-2\vsprojects\x64\release\generated_message_util.obj
c:\users\labadmin\downloads\protobuf-3.0.0-alpha-2\vsprojects\x64\release\generated_message_reflection.obj
c:\users\labadmin\downloads\protobuf-3.0.0-alpha-2\vsprojects\x64\release\extension_set_heavy.obj
c:\users\labadmin\downloads\protobuf-3.0.0-alpha-2\vsprojects\x64\release\extension_set.obj
c:\users\labadmin\downloads\protobuf-3.0.0-alpha-2\vsprojects\x64\release\dynamic_message.obj
c:\users\labadmin\downloads\protobuf-3.0.0-alpha-2\vsprojects\x64\release\descriptor_database.obj
c:\users\labadmin\downloads\protobuf-3.0.0-alpha-2\vsprojects\x64\release\descriptor.pb.obj
c:\users\labadmin\downloads\protobuf-3.0.0-alpha-2\vsprojects\x64\release\descriptor.obj
c:\users\labadmin\downloads\protobuf-3.0.0-alpha-2\vsprojects\x64\release\parser.obj
c:\users\labadmin\downloads\protobuf-3.0.0-alpha-2\vsprojects\x64\release\importer.obj
c:\users\labadmin\downloads\protobuf-3.0.0-alpha-2\vsprojects\x64\release\arenastring.obj
c:\users\labadmin\downloads\protobuf-3.0.0-alpha-2\vsprojects\x64\release\arena.obj
c:\users\labadmin\downloads\protobuf-3.0.0-alpha-2\vsprojects\x64\release\wire_format_lite.obj
c:\users\labadmin\downloads\protobuf-3.0.0-alpha-2\vsprojects\x64\release\wire_format.obj
c:\users\labadmin\downloads\protobuf-3.0.0-alpha-2\vsprojects\x64\release\unknown_field_set.obj
c:\users\labadmin\downloads\protobuf-3.0.0-alpha-2\vsprojects\x64\release\text_format.obj
c:\users\labadmin\downloads\protobuf-3.0.0-alpha-2\vsprojects\x64\release\substitute.obj
c:\users\labadmin\downloads\protobuf-3.0.0-alpha-2\vsprojects\x64\release\strutil.obj
c:\users\labadmin\downloads\protobuf-3.0.0-alpha-2\vsprojects\x64\release\structurally_valid.obj
c:\users\labadmin\downloads\protobuf-3.0.0-alpha-2\vsprojects\x64\release\stringprintf.obj
c:\users\labadmin\downloads\protobuf-3.0.0-alpha-2\vsprojects\x64\release\once.obj
c:\users\labadmin\downloads\protobuf-3.0.0-alpha-2\vsprojects\x64\release\common.obj
c:\users\labadmin\downloads\protobuf-3.0.0-alpha-2\vsprojects\x64\release\atomicops_internals_x86_msvc.obj
c:\users\labadmin\downloads\protobuf-3.0.0-alpha-2\vsprojects\x64\release\atomicops_internals_x86_gcc.obj
c:\users\labadmin\downloads\protobuf-3.0.0-alpha-2\vsprojects\x64\release\service.obj
c:\users\labadmin\downloads\protobuf-3.0.0-alpha-2\vsprojects\x64\release\repeated_field.obj
c:\users\labadmin\downloads\protobuf-3.0.0-alpha-2\vsprojects\x64\release\reflection_ops.obj
c:\users\labadmin\downloads\protobuf-3.0.0-alpha-2\vsprojects\x64\release\message_lite.obj
c:\users\labadmin\downloads\protobuf-3.0.0-alpha-2\vsprojects\x64\release\message.obj
c:\users\labadmin\downloads\protobuf-3.0.0-alpha-2\vsprojects\x64\release\map_field.obj
c:\users\labadmin\downloads\protobuf-3.0.0-alpha-2\vsprojects\x64\release\libprotobuf.lib
c:\users\labadmin\downloads\protobuf-3.0.0-alpha-2\vsprojects\x64\release\libprotobuf.tlog\cl.command.1.tlog
c:\users\labadmin\downloads\protobuf-3.0.0-alpha-2\vsprojects\x64\release\libprotobuf.tlog\cl.read.1.tlog
c:\users\labadmin\downloads\protobuf-3.0.0-alpha-2\vsprojects\x64\release\libprotobuf.tlog\cl.write.1.tlog
c:\users\labadmin\downloads\protobuf-3.0.0-alpha-2\vsprojects\x64\release\libprotobuf.tlog\lib-link.read.1.tlog
c:\users\labadmin\downloads\protobuf-3.0.0-alpha-2\vsprojects\x64\release\libprotobuf.tlog\lib-link.write.1.tlog
c:\users\labadmin\downloads\protobuf-3.0.0-alpha-2\vsprojects\x64\release\libprotobuf.tlog\lib.command.1.tlog
